mode: set
github.com/minisms/minisms/internal/billing/balance.go:9.120,14.2 3 0
github.com/minisms/minisms/internal/billing/balance.go:16.127,21.2 3 0
github.com/minisms/minisms/internal/billing/carrier_charge.go:10.126,13.16 3 0
github.com/minisms/minisms/internal/billing/carrier_charge.go:13.16,14.27 1 0
github.com/minisms/minisms/internal/billing/carrier_charge.go:14.27,16.4 1 0
github.com/minisms/minisms/internal/billing/carrier_charge.go:17.3,17.17 1 0
github.com/minisms/minisms/internal/billing/carrier_charge.go:19.2,19.46 1 0
github.com/minisms/minisms/internal/billing/carrier_charge.go:19.46,21.3 1 0
github.com/minisms/minisms/internal/billing/carrier_charge.go:22.2,23.16 2 0
github.com/minisms/minisms/internal/billing/carrier_charge.go:23.16,25.3 1 0
github.com/minisms/minisms/internal/billing/carrier_charge.go:26.2,26.26 1 0
github.com/minisms/minisms/internal/billing/carrier_charge.go:29.122,34.2 3 0
github.com/minisms/minisms/internal/billing/carrier_charge.go:36.106,39.2 2 0
github.com/minisms/minisms/internal/billing/rate.go:20.42,23.26 3 1
github.com/minisms/minisms/internal/billing/rate.go:23.26,25.3 1 1
github.com/minisms/minisms/internal/billing/rate.go:26.2,26.12 1 1
github.com/minisms/minisms/internal/billing/rate.go:29.111,34.16 2 0
github.com/minisms/minisms/internal/billing/rate.go:34.16,36.3 1 0
github.com/minisms/minisms/internal/billing/rate.go:37.2,40.18 3 0
github.com/minisms/minisms/internal/billing/rate.go:40.18,42.77 2 0
github.com/minisms/minisms/internal/billing/rate.go:42.77,44.4 1 0
github.com/minisms/minisms/internal/billing/rate.go:45.3,45.31 1 0
github.com/minisms/minisms/internal/billing/rate.go:47.2,47.35 1 0
github.com/minisms/minisms/internal/billing/rate.go:47.35,49.3 1 0
github.com/minisms/minisms/internal/billing/rate.go:51.2,52.17 2 0
github.com/minisms/minisms/internal/billing/rate.go:52.17,54.3 1 0
github.com/minisms/minisms/internal/billing/rate.go:55.2,55.18 1 0
github.com/minisms/minisms/internal/billing/rate.go:58.66,61.28 3 1
github.com/minisms/minisms/internal/billing/rate.go:61.28,62.33 1 1
github.com/minisms/minisms/internal/billing/rate.go:62.33,65.9 3 1
github.com/minisms/minisms/internal/billing/rate.go:68.2,70.18 3 1
github.com/minisms/minisms/internal/billing/rate.go:70.18,72.3 1 0
github.com/minisms/minisms/internal/billing/rate.go:73.2,73.27 1 1
github.com/minisms/minisms/internal/billing/rate.go:76.76,81.25 5 0
github.com/minisms/minisms/internal/billing/rate.go:81.25,83.22 2 0
github.com/minisms/minisms/internal/billing/rate.go:83.22,84.23 1 0
github.com/minisms/minisms/internal/billing/rate.go:84.23,86.5 1 0
github.com/minisms/minisms/internal/billing/rate.go:87.4,87.12 1 0
github.com/minisms/minisms/internal/billing/rate.go:89.3,89.66 1 0
github.com/minisms/minisms/internal/billing/rate.go:89.66,92.4 2 0
github.com/minisms/minisms/internal/billing/rate.go:94.2,94.17 1 0
github.com/minisms/minisms/internal/billing/rate.go:94.17,96.3 1 0
github.com/minisms/minisms/internal/billing/rate.go:97.2,97.17 1 0
github.com/minisms/minisms/internal/billing/rate.go:100.54,103.22 3 0
github.com/minisms/minisms/internal/billing/rate.go:103.22,104.27 1 0
github.com/minisms/minisms/internal/billing/rate.go:104.27,106.4 1 0
github.com/minisms/minisms/internal/billing/rate.go:108.2,108.19 1 0
github.com/minisms/minisms/internal/config/config.go:33.30,48.25 3 1
github.com/minisms/minisms/internal/config/config.go:48.25,50.3 1 1
github.com/minisms/minisms/internal/config/config.go:51.2,52.16 2 1
github.com/minisms/minisms/internal/config/config.go:52.16,54.3 1 0
github.com/minisms/minisms/internal/config/config.go:55.2,58.16 3 1
github.com/minisms/minisms/internal/config/config.go:58.16,60.3 1 0
github.com/minisms/minisms/internal/config/config.go:61.2,63.27 2 1
github.com/minisms/minisms/internal/config/config.go:63.27,65.3 1 0
github.com/minisms/minisms/internal/config/config.go:66.2,66.31 1 1
github.com/minisms/minisms/internal/config/config.go:66.31,68.3 1 0
github.com/minisms/minisms/internal/config/config.go:69.2,69.68 1 1
github.com/minisms/minisms/internal/config/config.go:69.68,71.3 1 0
github.com/minisms/minisms/internal/config/config.go:73.2,74.16 2 1
github.com/minisms/minisms/internal/config/config.go:74.16,76.3 1 0
github.com/minisms/minisms/internal/config/config.go:77.2,80.16 3 1
github.com/minisms/minisms/internal/config/config.go:80.16,82.3 1 0
github.com/minisms/minisms/internal/config/config.go:83.2,84.18 2 1
github.com/minisms/minisms/internal/config/config.go:84.18,85.26 1 1
github.com/minisms/minisms/internal/config/config.go:85.26,87.4 1 0
github.com/minisms/minisms/internal/config/config.go:88.3,88.25 1 1
github.com/minisms/minisms/internal/config/config.go:88.25,90.4 1 0
github.com/minisms/minisms/internal/config/config.go:93.2,93.15 1 1
github.com/minisms/minisms/internal/config/config.go:96.41,98.13 2 1
github.com/minisms/minisms/internal/config/config.go:98.13,100.3 1 0
github.com/minisms/minisms/internal/config/config.go:101.2,101.10 1 1
github.com/minisms/minisms/internal/config/config.go:104.54,106.13 2 1
github.com/minisms/minisms/internal/config/config.go:106.13,108.3 1 0
github.com/minisms/minisms/internal/config/config.go:109.2,109.19 1 1
github.com/minisms/minisms/internal/config/config.go:109.19,111.3 1 0
github.com/minisms/minisms/internal/config/config.go:112.2,113.16 2 1
github.com/minisms/minisms/internal/config/config.go:113.16,115.3 1 0
github.com/minisms/minisms/internal/config/config.go:116.2,116.17 1 1
github.com/minisms/minisms/internal/config/config.go:116.17,118.3 1 0
github.com/minisms/minisms/internal/config/config.go:119.2,119.15 1 1
github.com/minisms/minisms/internal/config/config.go:122.67,124.13 2 1
github.com/minisms/minisms/internal/config/config.go:124.13,126.3 1 0
github.com/minisms/minisms/internal/config/config.go:127.2,128.16 2 1
github.com/minisms/minisms/internal/config/config.go:128.16,130.3 1 0
github.com/minisms/minisms/internal/config/config.go:131.2,131.24 1 1
github.com/minisms/minisms/internal/config/config.go:131.24,133.3 1 0
github.com/minisms/minisms/internal/config/config.go:134.2,134.15 1 1
github.com/minisms/minisms/internal/config/config.go:137.51,139.13 2 1
github.com/minisms/minisms/internal/config/config.go:139.13,141.3 1 0
github.com/minisms/minisms/internal/config/config.go:142.2,142.28 1 1
github.com/minisms/minisms/internal/config/config.go:143.32,144.14 1 1
github.com/minisms/minisms/internal/config/config.go:145.10,146.15 1 0
github.com/minisms/minisms/internal/config/config.go:151.38,153.2 1 0
github.com/minisms/minisms/internal/routing/matcher.go:15.88,18.22 3 1
github.com/minisms/minisms/internal/routing/matcher.go:18.22,19.27 1 1
github.com/minisms/minisms/internal/routing/matcher.go:19.27,21.4 1 1
github.com/minisms/minisms/internal/routing/matcher.go:23.2,27.25 5 1
github.com/minisms/minisms/internal/routing/matcher.go:27.25,29.27 2 1
github.com/minisms/minisms/internal/routing/matcher.go:29.27,30.12 1 1
github.com/minisms/minisms/internal/routing/matcher.go:32.3,32.22 1 1
github.com/minisms/minisms/internal/routing/matcher.go:32.22,33.23 1 1
github.com/minisms/minisms/internal/routing/matcher.go:33.23,35.5 1 1
github.com/minisms/minisms/internal/routing/matcher.go:36.4,36.12 1 1
github.com/minisms/minisms/internal/routing/matcher.go:38.3,38.66 1 1
github.com/minisms/minisms/internal/routing/matcher.go:38.66,41.4 2 1
github.com/minisms/minisms/internal/routing/matcher.go:43.2,43.17 1 1
github.com/minisms/minisms/internal/routing/matcher.go:43.17,45.3 1 1
github.com/minisms/minisms/internal/routing/matcher.go:46.2,46.21 1 1
github.com/minisms/minisms/internal/routing/matcher.go:46.21,48.3 1 1
github.com/minisms/minisms/internal/routing/matcher.go:49.2,49.24 1 1
github.com/minisms/minisms/cmd/minisms/main.go:33.13,36.16 3 0
github.com/minisms/minisms/cmd/minisms/main.go:36.16,39.3 2 0
github.com/minisms/minisms/cmd/minisms/main.go:40.2,43.16 3 0
github.com/minisms/minisms/cmd/minisms/main.go:43.16,46.3 2 0
github.com/minisms/minisms/cmd/minisms/main.go:47.2,48.16 2 0
github.com/minisms/minisms/cmd/minisms/main.go:48.16,51.3 2 0
github.com/minisms/minisms/cmd/minisms/main.go:52.2,52.61 1 0
github.com/minisms/minisms/cmd/minisms/main.go:52.61,56.3 3 0
github.com/minisms/minisms/cmd/minisms/main.go:57.2,57.40 1 0
github.com/minisms/minisms/cmd/minisms/main.go:57.40,59.3 1 0
github.com/minisms/minisms/cmd/minisms/main.go:61.2,62.16 2 0
github.com/minisms/minisms/cmd/minisms/main.go:62.16,65.3 2 0
github.com/minisms/minisms/cmd/minisms/main.go:66.2,76.16 4 0
github.com/minisms/minisms/cmd/minisms/main.go:76.16,79.3 2 0
github.com/minisms/minisms/cmd/minisms/main.go:80.2,93.16 3 0
github.com/minisms/minisms/cmd/minisms/main.go:93.16,96.3 2 0
github.com/minisms/minisms/cmd/minisms/main.go:97.2,97.16 1 0
github.com/minisms/minisms/cmd/minisms/main.go:97.16,100.3 2 0
github.com/minisms/minisms/cmd/minisms/main.go:101.2,108.16 2 0
github.com/minisms/minisms/cmd/minisms/main.go:108.16,111.3 2 0
github.com/minisms/minisms/cmd/minisms/main.go:112.2,122.16 2 0
github.com/minisms/minisms/cmd/minisms/main.go:122.16,125.3 2 0
github.com/minisms/minisms/cmd/minisms/main.go:126.2,133.16 2 0
github.com/minisms/minisms/cmd/minisms/main.go:133.16,136.3 2 0
github.com/minisms/minisms/cmd/minisms/main.go:137.2,150.16 2 0
github.com/minisms/minisms/cmd/minisms/main.go:150.16,153.3 2 0
github.com/minisms/minisms/cmd/minisms/main.go:154.2,164.16 2 0
github.com/minisms/minisms/cmd/minisms/main.go:164.16,167.3 2 0
github.com/minisms/minisms/cmd/minisms/main.go:168.2,176.16 2 0
github.com/minisms/minisms/cmd/minisms/main.go:176.16,179.3 2 0
github.com/minisms/minisms/cmd/minisms/main.go:180.2,189.16 2 0
github.com/minisms/minisms/cmd/minisms/main.go:189.16,192.3 2 0
github.com/minisms/minisms/cmd/minisms/main.go:193.2,203.16 2 0
github.com/minisms/minisms/cmd/minisms/main.go:203.16,206.3 2 0
github.com/minisms/minisms/cmd/minisms/main.go:207.2,214.16 2 0
github.com/minisms/minisms/cmd/minisms/main.go:214.16,217.3 2 0
github.com/minisms/minisms/cmd/minisms/main.go:218.2,228.16 2 0
github.com/minisms/minisms/cmd/minisms/main.go:228.16,231.3 2 0
github.com/minisms/minisms/cmd/minisms/main.go:232.2,242.16 2 0
github.com/minisms/minisms/cmd/minisms/main.go:242.16,245.3 2 0
github.com/minisms/minisms/cmd/minisms/main.go:246.2,253.16 2 0
github.com/minisms/minisms/cmd/minisms/main.go:253.16,256.3 2 0
github.com/minisms/minisms/cmd/minisms/main.go:257.2,267.16 2 0
github.com/minisms/minisms/cmd/minisms/main.go:267.16,270.3 2 0
github.com/minisms/minisms/cmd/minisms/main.go:271.2,279.16 2 0
github.com/minisms/minisms/cmd/minisms/main.go:279.16,282.3 2 0
github.com/minisms/minisms/cmd/minisms/main.go:283.2,288.16 2 0
github.com/minisms/minisms/cmd/minisms/main.go:288.16,291.3 2 0
github.com/minisms/minisms/cmd/minisms/main.go:292.2,299.16 2 0
github.com/minisms/minisms/cmd/minisms/main.go:299.16,302.3 2 0
github.com/minisms/minisms/cmd/minisms/main.go:303.2,311.16 2 0
github.com/minisms/minisms/cmd/minisms/main.go:311.16,314.3 2 0
github.com/minisms/minisms/cmd/minisms/main.go:315.2,319.16 2 0
github.com/minisms/minisms/cmd/minisms/main.go:319.16,322.3 2 0
github.com/minisms/minisms/cmd/minisms/main.go:323.2,324.16 2 0
github.com/minisms/minisms/cmd/minisms/main.go:324.16,327.3 2 0
github.com/minisms/minisms/cmd/minisms/main.go:329.2,365.16 10 0
github.com/minisms/minisms/cmd/minisms/main.go:365.16,368.3 2 0
github.com/minisms/minisms/cmd/minisms/main.go:369.2,371.39 2 0
github.com/minisms/minisms/cmd/minisms/main.go:371.39,377.30 6 0
github.com/minisms/minisms/cmd/minisms/main.go:377.30,468.46 91 0
github.com/minisms/minisms/cmd/minisms/main.go:468.46,473.5 4 0
github.com/minisms/minisms/cmd/minisms/main.go:474.4,474.46 1 0
github.com/minisms/minisms/cmd/minisms/main.go:474.46,481.5 6 0
github.com/minisms/minisms/cmd/minisms/main.go:484.2,484.40 1 0
github.com/minisms/minisms/cmd/minisms/main.go:484.40,489.30 5 0
github.com/minisms/minisms/cmd/minisms/main.go:489.30,494.4 4 0
github.com/minisms/minisms/cmd/minisms/main.go:496.2,498.12 3 0
github.com/minisms/minisms/cmd/minisms/main.go:498.12,500.21 2 0
github.com/minisms/minisms/cmd/minisms/main.go:500.21,502.4 1 0
github.com/minisms/minisms/cmd/minisms/main.go:502.9,504.4 1 0
github.com/minisms/minisms/cmd/minisms/main.go:505.3,505.48 1 0
github.com/minisms/minisms/cmd/minisms/main.go:505.48,508.4 2 0
github.com/minisms/minisms/cmd/minisms/main.go:510.2,511.20 2 0
github.com/minisms/minisms/cmd/minisms/main.go:511.20,513.3 1 0
github.com/minisms/minisms/cmd/minisms/main.go:514.2,520.25 7 0
github.com/minisms/minisms/cmd/minisms/main.go:523.54,526.2 2 1
github.com/minisms/minisms/cmd/minisms/main.go:528.43,530.15 2 0
github.com/minisms/minisms/cmd/minisms/main.go:531.15,532.23 1 0
github.com/minisms/minisms/cmd/minisms/main.go:533.14,534.22 1 0
github.com/minisms/minisms/cmd/minisms/main.go:535.15,536.23 1 0
github.com/minisms/minisms/cmd/minisms/main.go:537.10,538.22 1 0
github.com/minisms/minisms/cmd/minisms/main.go:540.2,541.42 2 0
github.com/minisms/minisms/cmd/minisms/main.go:541.42,543.3 1 0
github.com/minisms/minisms/cmd/minisms/main.go:544.2,544.55 1 0
github.com/minisms/minisms/cmd/minisms/main.go:547.42,549.16 2 0
github.com/minisms/minisms/cmd/minisms/main.go:549.16,551.3 1 0
github.com/minisms/minisms/cmd/minisms/main.go:553.2,558.31 2 0
github.com/minisms/minisms/cmd/minisms/main.go:558.31,559.50 1 0
github.com/minisms/minisms/cmd/minisms/main.go:559.50,561.17 2 0
github.com/minisms/minisms/cmd/minisms/main.go:561.17,563.5 1 0
github.com/minisms/minisms/cmd/minisms/main.go:566.2,566.27 1 0
github.com/minisms/minisms/cmd/minisms/main.go:569.82,571.23 2 0
github.com/minisms/minisms/cmd/minisms/main.go:571.23,573.3 1 0
github.com/minisms/minisms/cmd/minisms/main.go:574.2,576.31 1 0
github.com/minisms/minisms/internal/api/account.go:10.50,11.54 1 0
github.com/minisms/minisms/internal/api/account.go:11.54,13.20 2 0
github.com/minisms/minisms/internal/api/account.go:13.20,16.4 2 0
github.com/minisms/minisms/internal/api/account.go:17.3,19.17 3 0
github.com/minisms/minisms/internal/api/account.go:19.17,22.4 2 0
github.com/minisms/minisms/internal/api/account.go:23.3,27.5 1 0
github.com/minisms/minisms/internal/api/account.go:31.56,32.54 1 0
github.com/minisms/minisms/internal/api/account.go:32.54,34.20 2 0
github.com/minisms/minisms/internal/api/account.go:34.20,37.4 2 0
github.com/minisms/minisms/internal/api/account.go:38.3,74.17 4 0
github.com/minisms/minisms/internal/api/account.go:74.17,75.28 1 0
github.com/minisms/minisms/internal/api/account.go:75.28,78.5 2 0
github.com/minisms/minisms/internal/api/account.go:79.4,80.10 2 0
github.com/minisms/minisms/internal/api/account.go:82.3,82.36 1 0
github.com/minisms/minisms/internal/api/account.go:82.36,85.4 2 0
github.com/minisms/minisms/internal/api/account.go:86.3,113.5 1 0
github.com/minisms/minisms/internal/api/dlr.go:42.49,43.54 1 1
github.com/minisms/minisms/internal/api/dlr.go:43.54,46.22 3 1
github.com/minisms/minisms/internal/api/dlr.go:46.22,47.60 1 1
github.com/minisms/minisms/internal/api/dlr.go:47.60,48.62 1 1
github.com/minisms/minisms/internal/api/dlr.go:48.62,50.11 2 0
github.com/minisms/minisms/internal/api/dlr.go:54.3,54.22 1 1
github.com/minisms/minisms/internal/api/dlr.go:54.22,55.93 1 1
github.com/minisms/minisms/internal/api/dlr.go:55.93,56.75 1 1
github.com/minisms/minisms/internal/api/dlr.go:56.75,58.11 2 0
github.com/minisms/minisms/internal/api/dlr.go:62.3,62.22 1 1
github.com/minisms/minisms/internal/api/dlr.go:62.22,65.4 2 1
github.com/minisms/minisms/internal/api/dlr.go:66.3,66.50 1 0
github.com/minisms/minisms/internal/api/dlr.go:66.50,69.4 2 0
github.com/minisms/minisms/internal/api/dlr.go:71.3,72.17 2 0
github.com/minisms/minisms/internal/api/dlr.go:72.17,73.26 1 0
github.com/minisms/minisms/internal/api/dlr.go:73.26,76.5 2 0
github.com/minisms/minisms/internal/api/dlr.go:77.4,78.10 2 0
github.com/minisms/minisms/internal/api/dlr.go:81.3,81.40 1 0
github.com/minisms/minisms/internal/api/dlr.go:81.40,84.4 2 0
github.com/minisms/minisms/internal/api/dlr.go:86.3,89.24 3 0
github.com/minisms/minisms/internal/api/dlr.go:89.24,92.4 2 0
github.com/minisms/minisms/internal/api/dlr.go:93.3,93.78 1 0
github.com/minisms/minisms/internal/api/dlr.go:93.78,97.4 3 0
github.com/minisms/minisms/internal/api/dlr.go:99.3,119.17 4 0
github.com/minisms/minisms/internal/api/dlr.go:119.17,123.4 3 0
github.com/minisms/minisms/internal/api/dlr.go:124.3,125.17 2 0
github.com/minisms/minisms/internal/api/dlr.go:125.17,129.4 3 0
github.com/minisms/minisms/internal/api/dlr.go:130.3,132.72 3 0
github.com/minisms/minisms/internal/api/dlr.go:132.72,134.4 1 0
github.com/minisms/minisms/internal/api/dlr.go:135.3,137.70 1 0
github.com/minisms/minisms/internal/api/dlr.go:137.70,139.5 1 0
github.com/minisms/minisms/internal/api/dlr.go:141.3,142.17 2 0
github.com/minisms/minisms/internal/api/dlr.go:142.17,147.4 4 0
github.com/minisms/minisms/internal/api/dlr.go:148.3,150.55 3 0
github.com/minisms/minisms/internal/api/dlr.go:150.55,152.4 1 0
github.com/minisms/minisms/internal/api/dlr.go:152.9,155.4 2 0
github.com/minisms/minisms/internal/api/dlr.go:156.3,156.65 1 0
github.com/minisms/minisms/internal/api/dlr.go:160.67,162.37 2 1
github.com/minisms/minisms/internal/api/dlr.go:162.37,163.20 1 0
github.com/minisms/minisms/internal/api/dlr.go:163.20,165.4 1 0
github.com/minisms/minisms/internal/api/dlr.go:167.2,170.25 4 1
github.com/minisms/minisms/internal/api/dlr.go:170.25,172.3 1 0
github.com/minisms/minisms/internal/api/dlr.go:173.2,174.59 2 1
github.com/minisms/minisms/internal/api/dlr.go:174.59,175.28 1 1
github.com/minisms/minisms/internal/api/dlr.go:175.28,177.4 1 1
github.com/minisms/minisms/internal/api/dlr.go:178.3,178.24 1 1
github.com/minisms/minisms/internal/api/dlr.go:180.2,180.64 1 0
github.com/minisms/minisms/internal/api/dlr.go:180.64,181.26 1 0
github.com/minisms/minisms/internal/api/dlr.go:181.26,182.18 1 0
github.com/minisms/minisms/internal/api/dlr.go:182.18,184.5 1 0
github.com/minisms/minisms/internal/api/dlr.go:187.2,187.23 1 0
github.com/minisms/minisms/internal/api/dlr.go:190.78,192.93 2 1
github.com/minisms/minisms/internal/api/dlr.go:192.93,194.3 1 1
github.com/minisms/minisms/internal/api/dlr.go:195.2,196.15 2 1
github.com/minisms/minisms/internal/api/dlr.go:196.15,198.3 1 1
github.com/minisms/minisms/internal/api/dlr.go:199.2,199.36 1 1
github.com/minisms/minisms/internal/api/dlr.go:199.36,200.53 1 1
github.com/minisms/minisms/internal/api/dlr.go:200.53,202.4 1 1
github.com/minisms/minisms/internal/api/dlr.go:203.3,203.70 1 0
github.com/minisms/minisms/internal/api/dlr.go:203.70,205.4 1 0
github.com/minisms/minisms/internal/api/dlr.go:207.2,207.31 1 0
github.com/minisms/minisms/internal/api/dlr.go:210.43,212.11 2 1
github.com/minisms/minisms/internal/api/dlr.go:213.57,214.11 1 1
github.com/minisms/minisms/internal/api/dlr.go:215.34,216.21 1 0
github.com/minisms/minisms/internal/api/dlr.go:217.27,218.23 1 0
github.com/minisms/minisms/internal/api/dlr.go:219.10,220.19 1 0
github.com/minisms/minisms/internal/api/dlr.go:224.85,225.91 1 1
github.com/minisms/minisms/internal/api/dlr.go:225.91,227.3 1 0
github.com/minisms/minisms/internal/api/dlr.go:228.2,229.16 2 1
github.com/minisms/minisms/internal/api/dlr.go:229.16,231.3 1 0
github.com/minisms/minisms/internal/api/dlr.go:232.2,233.21 2 1
github.com/minisms/minisms/internal/api/dlr.go:233.21,235.3 1 1
github.com/minisms/minisms/internal/api/dlr.go:236.2,236.21 1 1
github.com/minisms/minisms/internal/api/dlr.go:236.21,238.3 1 0
github.com/minisms/minisms/internal/api/dlr.go:239.2,239.21 1 1
github.com/minisms/minisms/internal/api/dlr.go:239.21,241.3 1 0
github.com/minisms/minisms/internal/api/dlr.go:242.2,242.77 1 1
github.com/minisms/minisms/internal/api/dlr.go:245.74,246.61 1 1
github.com/minisms/minisms/internal/api/dlr.go:246.61,248.3 1 0
github.com/minisms/minisms/internal/api/dlr.go:249.2,250.51 2 1
github.com/minisms/minisms/internal/api/dlr.go:250.51,252.3 1 0
github.com/minisms/minisms/internal/api/dlr.go:253.2,255.53 3 1
github.com/minisms/minisms/internal/api/dlr.go:258.29,259.23 1 1
github.com/minisms/minisms/internal/api/dlr.go:260.14,261.11 1 1
github.com/minisms/minisms/internal/api/dlr.go:262.15,263.112 1 0
github.com/minisms/minisms/internal/api/dlr.go:264.12,265.8 1 0
github.com/minisms/minisms/internal/api/dlr.go:265.8,267.4 1 0
github.com/minisms/minisms/internal/api/dlr.go:268.3,268.17 1 0
github.com/minisms/minisms/internal/api/dlr.go:269.10,271.19 2 0
github.com/minisms/minisms/internal/api/errors.go:13.58,17.2 3 1
github.com/minisms/minisms/internal/api/errors.go:19.77,24.2 1 1
github.com/minisms/minisms/internal/api/middleware.go:27.59,29.14 2 0
github.com/minisms/minisms/internal/api/middleware.go:29.14,31.3 1 0
github.com/minisms/minisms/internal/api/middleware.go:32.2,33.10 2 0
github.com/minisms/minisms/internal/api/middleware.go:36.69,37.46 1 0
github.com/minisms/minisms/internal/api/middleware.go:37.46,38.72 1 0
github.com/minisms/minisms/internal/api/middleware.go:38.72,40.20 2 0
github.com/minisms/minisms/internal/api/middleware.go:40.20,43.5 2 0
github.com/minisms/minisms/internal/api/middleware.go:44.4,45.35 2 0
github.com/minisms/minisms/internal/api/middleware.go:45.35,48.5 2 0
github.com/minisms/minisms/internal/api/middleware.go:49.4,49.33 1 0
github.com/minisms/minisms/internal/api/middleware.go:49.33,52.5 2 0
github.com/minisms/minisms/internal/api/middleware.go:53.4,54.47 2 0
github.com/minisms/minisms/internal/api/middleware.go:54.47,57.5 2 0
github.com/minisms/minisms/internal/api/middleware.go:58.4,59.41 2 0
github.com/minisms/minisms/internal/api/middleware.go:64.48,65.64 1 0
github.com/minisms/minisms/internal/api/middleware.go:65.64,67.3 1 0
github.com/minisms/minisms/internal/api/middleware.go:68.2,69.57 2 0
github.com/minisms/minisms/internal/api/middleware.go:69.57,71.3 1 0
github.com/minisms/minisms/internal/api/middleware.go:72.2,72.11 1 0
github.com/minisms/minisms/internal/api/middleware.go:75.74,78.16 3 0
github.com/minisms/minisms/internal/api/middleware.go:78.16,80.3 1 0
github.com/minisms/minisms/internal/api/middleware.go:81.2,82.26 2 0
github.com/minisms/minisms/internal/api/middleware.go:82.26,84.3 1 0
github.com/minisms/minisms/internal/api/middleware.go:85.2,85.10 1 0
github.com/minisms/minisms/internal/api/middleware.go:88.58,91.9 3 0
github.com/minisms/minisms/internal/api/middleware.go:91.9,99.3 4 0
github.com/minisms/minisms/internal/api/middleware.go:100.2,102.27 3 0
github.com/minisms/minisms/internal/api/middleware.go:105.37,106.47 1 0
github.com/minisms/minisms/internal/api/middleware.go:106.47,108.16 2 0
github.com/minisms/minisms/internal/api/middleware.go:108.16,111.4 2 0
github.com/minisms/minisms/internal/api/middleware.go:112.3,112.39 1 0
github.com/minisms/minisms/internal/api/middleware.go:112.39,114.4 1 0
github.com/minisms/minisms/internal/api/middleware.go:115.3,115.14 1 0
github.com/minisms/minisms/internal/api/sms.go:57.68,59.2 1 0
github.com/minisms/minisms/internal/api/sms.go:61.47,62.54 1 0
github.com/minisms/minisms/internal/api/sms.go:62.54,64.20 2 0
github.com/minisms/minisms/internal/api/sms.go:64.20,67.4 2 0
github.com/minisms/minisms/internal/api/sms.go:68.3,69.62 2 0
github.com/minisms/minisms/internal/api/sms.go:69.62,72.4 2 0
github.com/minisms/minisms/internal/api/sms.go:73.3,79.34 7 0
github.com/minisms/minisms/internal/api/sms.go:79.34,82.4 2 0
github.com/minisms/minisms/internal/api/sms.go:83.3,83.70 1 0
github.com/minisms/minisms/internal/api/sms.go:83.70,86.4 2 0
github.com/minisms/minisms/internal/api/sms.go:87.3,88.17 2 0
github.com/minisms/minisms/internal/api/sms.go:88.17,91.4 2 0
github.com/minisms/minisms/internal/api/sms.go:92.3,92.50 1 0
github.com/minisms/minisms/internal/api/sms.go:92.50,95.4 2 0
github.com/minisms/minisms/internal/api/sms.go:96.3,98.17 3 0
github.com/minisms/minisms/internal/api/sms.go:98.17,101.4 2 0
github.com/minisms/minisms/internal/api/sms.go:102.3,102.21 1 0
github.com/minisms/minisms/internal/api/sms.go:102.21,104.4 1 0
github.com/minisms/minisms/internal/api/sms.go:105.3,106.19 2 0
github.com/minisms/minisms/internal/api/sms.go:106.19,108.4 1 0
github.com/minisms/minisms/internal/api/sms.go:110.3,110.61 1 0
github.com/minisms/minisms/internal/api/sms.go:110.61,113.4 2 0
github.com/minisms/minisms/internal/api/sms.go:114.3,116.17 3 0
github.com/minisms/minisms/internal/api/sms.go:116.17,119.4 2 0
github.com/minisms/minisms/internal/api/sms.go:120.3,122.17 3 0
github.com/minisms/minisms/internal/api/sms.go:122.17,125.4 2 0
github.com/minisms/minisms/internal/api/sms.go:127.3,128.38 2 0
github.com/minisms/minisms/internal/api/sms.go:128.38,131.4 2 0
github.com/minisms/minisms/internal/api/sms.go:133.3,134.17 2 0
github.com/minisms/minisms/internal/api/sms.go:134.17,137.4 2 0
github.com/minisms/minisms/internal/api/sms.go:138.3,138.16 1 0
github.com/minisms/minisms/internal/api/sms.go:138.16,138.48 1 0
github.com/minisms/minisms/internal/api/sms.go:140.3,141.17 2 0
github.com/minisms/minisms/internal/api/sms.go:141.17,144.4 2 0
github.com/minisms/minisms/internal/api/sms.go:145.3,145.14 1 0
github.com/minisms/minisms/internal/api/sms.go:145.14,152.4 2 0
github.com/minisms/minisms/internal/api/sms.go:154.3,174.17 2 0
github.com/minisms/minisms/internal/api/sms.go:174.17,177.4 2 0
github.com/minisms/minisms/internal/api/sms.go:179.3,180.31 2 0
github.com/minisms/minisms/internal/api/sms.go:180.31,181.66 1 0
github.com/minisms/minisms/internal/api/sms.go:181.66,183.5 1 0
github.com/minisms/minisms/internal/api/sms.go:185.3,185.25 1 0
github.com/minisms/minisms/internal/api/sms.go:185.25,186.55 1 0
github.com/minisms/minisms/internal/api/sms.go:186.55,188.50 2 0
github.com/minisms/minisms/internal/api/sms.go:188.50,191.6 2 0
github.com/minisms/minisms/internal/api/sms.go:192.5,193.11 2 0
github.com/minisms/minisms/internal/api/sms.go:195.4,196.90 2 0
github.com/minisms/minisms/internal/api/sms.go:196.90,198.5 1 0
github.com/minisms/minisms/internal/api/sms.go:199.4,199.49 1 0
github.com/minisms/minisms/internal/api/sms.go:199.49,202.5 2 0
github.com/minisms/minisms/internal/api/sms.go:203.4,207.10 2 0
github.com/minisms/minisms/internal/api/sms.go:210.3,211.17 2 0
github.com/minisms/minisms/internal/api/sms.go:211.17,214.4 2 0
github.com/minisms/minisms/internal/api/sms.go:215.3,216.17 2 0
github.com/minisms/minisms/internal/api/sms.go:216.17,219.4 2 0
github.com/minisms/minisms/internal/api/sms.go:221.3,222.17 2 0
github.com/minisms/minisms/internal/api/sms.go:222.17,225.4 2 0
github.com/minisms/minisms/internal/api/sms.go:226.3,226.131 1 0
github.com/minisms/minisms/internal/api/sms.go:226.131,229.4 2 0
github.com/minisms/minisms/internal/api/sms.go:230.3,230.108 1 0
github.com/minisms/minisms/internal/api/sms.go:230.108,233.4 2 0
github.com/minisms/minisms/internal/api/sms.go:234.3,235.111 2 0
github.com/minisms/minisms/internal/api/sms.go:235.111,238.4 2 0
github.com/minisms/minisms/internal/api/sms.go:239.3,239.170 1 0
github.com/minisms/minisms/internal/api/sms.go:239.170,242.4 2 0
github.com/minisms/minisms/internal/api/sms.go:243.3,243.48 1 0
github.com/minisms/minisms/internal/api/sms.go:243.48,246.4 2 0
github.com/minisms/minisms/internal/api/sms.go:248.3,266.42 2 0
github.com/minisms/minisms/internal/api/sms.go:270.50,271.34 1 0
github.com/minisms/minisms/internal/api/sms.go:271.34,273.3 1 0
github.com/minisms/minisms/internal/api/sms.go:274.2,274.49 1 0
github.com/minisms/minisms/internal/api/sms.go:275.13,276.19 1 0
github.com/minisms/minisms/internal/api/sms.go:277.12,278.20 1 0
github.com/minisms/minisms/internal/api/sms.go:279.10,280.48 1 0
github.com/minisms/minisms/internal/api/sms.go:284.32,286.16 2 0
github.com/minisms/minisms/internal/api/sms.go:286.16,288.3 1 0
github.com/minisms/minisms/internal/api/sms.go:289.2,289.80 1 0
github.com/minisms/minisms/internal/api/sms.go:292.94,293.19 1 0
github.com/minisms/minisms/internal/api/sms.go:293.19,295.3 1 0
github.com/minisms/minisms/internal/api/sms.go:296.2,296.40 1 0
github.com/minisms/minisms/internal/api/sms.go:296.40,298.3 1 0
github.com/minisms/minisms/internal/api/sms.go:299.2,299.67 1 0
github.com/minisms/minisms/internal/api/sms.go:299.67,301.3 1 0
github.com/minisms/minisms/internal/api/sms.go:302.2,302.12 1 0
github.com/minisms/minisms/internal/api/sms.go:305.44,306.45 1 0
github.com/minisms/minisms/internal/api/sms.go:306.45,308.3 1 0
github.com/minisms/minisms/internal/api/sms.go:309.2,309.30 1 0
github.com/minisms/minisms/internal/api/sms.go:336.105,337.66 1 0
github.com/minisms/minisms/internal/api/sms.go:337.66,339.3 1 0
github.com/minisms/minisms/internal/api/sms.go:340.2,344.16 2 0
github.com/minisms/minisms/internal/api/sms.go:344.16,346.3 1 0
github.com/minisms/minisms/internal/api/sms.go:347.2,349.18 3 0
github.com/minisms/minisms/internal/api/sms.go:349.18,351.130 2 0
github.com/minisms/minisms/internal/api/sms.go:351.130,353.4 1 0
github.com/minisms/minisms/internal/api/sms.go:354.3,354.31 1 0
github.com/minisms/minisms/internal/api/sms.go:356.2,357.17 2 0
github.com/minisms/minisms/internal/api/sms.go:357.17,359.3 1 0
github.com/minisms/minisms/internal/api/sms.go:360.2,360.18 1 0
github.com/minisms/minisms/internal/api/sms.go:363.79,368.25 5 0
github.com/minisms/minisms/internal/api/sms.go:368.25,370.22 2 0
github.com/minisms/minisms/internal/api/sms.go:370.22,371.23 1 0
github.com/minisms/minisms/internal/api/sms.go:371.23,373.5 1 0
github.com/minisms/minisms/internal/api/sms.go:374.4,374.12 1 0
github.com/minisms/minisms/internal/api/sms.go:376.3,376.66 1 0
github.com/minisms/minisms/internal/api/sms.go:376.66,379.4 2 0
github.com/minisms/minisms/internal/api/sms.go:381.2,381.17 1 0
github.com/minisms/minisms/internal/api/sms.go:381.17,383.3 1 0
github.com/minisms/minisms/internal/api/sms.go:384.2,384.17 1 0
github.com/minisms/minisms/internal/api/sms.go:387.57,390.22 3 0
github.com/minisms/minisms/internal/api/sms.go:390.22,391.27 1 0
github.com/minisms/minisms/internal/api/sms.go:391.27,393.4 1 0
github.com/minisms/minisms/internal/api/sms.go:395.2,395.19 1 0
github.com/minisms/minisms/internal/api/sms.go:398.33,399.32 1 0
github.com/minisms/minisms/internal/api/sms.go:399.32,401.3 1 0
github.com/minisms/minisms/internal/api/sms.go:402.2,403.11 2 0
github.com/minisms/minisms/internal/api/sms.go:406.75,409.16 3 0
github.com/minisms/minisms/internal/api/sms.go:409.16,411.3 1 0
github.com/minisms/minisms/internal/api/sms.go:412.2,412.10 1 0
github.com/minisms/minisms/internal/api/sms.go:415.93,419.2 3 0
github.com/minisms/minisms/internal/api/sms.go:421.117,430.2 4 0
github.com/minisms/minisms/internal/api/sms.go:432.109,435.2 2 0
github.com/minisms/minisms/internal/api/sms.go:437.235,444.72 2 0
github.com/minisms/minisms/internal/api/sms.go:444.72,449.3 1 0
github.com/minisms/minisms/internal/api/sms.go:450.2,450.72 1 0
github.com/minisms/minisms/internal/api/sms.go:450.72,455.3 1 0
github.com/minisms/minisms/internal/api/sms.go:456.2,457.29 2 0
github.com/minisms/minisms/internal/api/sms.go:457.29,469.17 5 0
github.com/minisms/minisms/internal/api/sms.go:469.17,473.12 4 0
github.com/minisms/minisms/internal/api/sms.go:475.3,478.17 2 0
github.com/minisms/minisms/internal/api/sms.go:478.17,482.12 4 0
github.com/minisms/minisms/internal/api/sms.go:484.3,484.16 1 0
github.com/minisms/minisms/internal/api/sms.go:484.16,488.12 2 0
github.com/minisms/minisms/internal/api/sms.go:490.3,491.31 2 0
github.com/minisms/minisms/internal/api/sms.go:491.31,495.12 4 0
github.com/minisms/minisms/internal/api/sms.go:497.3,498.17 2 0
github.com/minisms/minisms/internal/api/sms.go:498.17,502.12 4 0
github.com/minisms/minisms/internal/api/sms.go:504.3,505.29 2 0
github.com/minisms/minisms/internal/api/sms.go:505.29,507.4 1 0
github.com/minisms/minisms/internal/api/sms.go:508.3,515.88 3 0
github.com/minisms/minisms/internal/api/sms.go:515.88,517.4 1 0
github.com/minisms/minisms/internal/api/sms.go:518.3,540.17 3 0
github.com/minisms/minisms/internal/api/sms.go:540.17,544.12 4 0
github.com/minisms/minisms/internal/api/sms.go:546.3,549.55 4 0
github.com/minisms/minisms/internal/api/sms.go:549.55,560.4 10 0
github.com/minisms/minisms/internal/api/sms.go:562.2,562.47 1 0
github.com/minisms/minisms/internal/carrier/dispatcher.go:26.70,28.16 2 1
github.com/minisms/minisms/internal/carrier/dispatcher.go:28.16,30.3 1 0
github.com/minisms/minisms/internal/carrier/dispatcher.go:31.2,31.40 1 1
github.com/minisms/minisms/internal/carrier/dispatcher.go:31.40,33.17 2 0
github.com/minisms/minisms/internal/carrier/dispatcher.go:33.17,35.4 1 0
github.com/minisms/minisms/internal/carrier/dispatcher.go:36.3,36.26 1 0
github.com/minisms/minisms/internal/carrier/dispatcher.go:38.2,39.16 2 1
github.com/minisms/minisms/internal/carrier/dispatcher.go:39.16,41.3 1 0
github.com/minisms/minisms/internal/carrier/dispatcher.go:42.2,42.27 1 1
github.com/minisms/minisms/internal/carrier/dispatcher.go:42.27,44.3 1 1
github.com/minisms/minisms/internal/carrier/dispatcher.go:45.2,45.32 1 1
github.com/minisms/minisms/internal/carrier/dispatcher.go:45.32,47.3 1 0
github.com/minisms/minisms/internal/carrier/dispatcher.go:49.2,51.16 3 1
github.com/minisms/minisms/internal/carrier/dispatcher.go:51.16,53.3 1 1
github.com/minisms/minisms/internal/carrier/dispatcher.go:54.2,59.8 3 1
github.com/minisms/minisms/internal/carrier/eligibility.go:35.71,37.73 2 1
github.com/minisms/minisms/internal/carrier/eligibility.go:37.73,38.84 1 0
github.com/minisms/minisms/internal/carrier/eligibility.go:38.84,40.4 1 0
github.com/minisms/minisms/internal/carrier/eligibility.go:40.9,48.16 3 0
github.com/minisms/minisms/internal/carrier/eligibility.go:48.16,50.5 1 0
github.com/minisms/minisms/internal/carrier/eligibility.go:54.2,54.24 1 1
github.com/minisms/minisms/internal/carrier/eligibility.go:55.21,55.21 0 1
github.com/minisms/minisms/internal/carrier/eligibility.go:56.17,57.48 1 1
github.com/minisms/minisms/internal/carrier/eligibility.go:57.48,59.4 1 1
github.com/minisms/minisms/internal/carrier/eligibility.go:60.14,61.45 1 1
github.com/minisms/minisms/internal/carrier/eligibility.go:61.45,63.4 1 1
github.com/minisms/minisms/internal/carrier/eligibility.go:64.14,65.18 1 1
github.com/minisms/minisms/internal/carrier/eligibility.go:65.18,67.4 1 1
github.com/minisms/minisms/internal/carrier/eligibility.go:68.3,75.25 3 0
github.com/minisms/minisms/internal/carrier/eligibility.go:75.25,77.4 1 0
github.com/minisms/minisms/internal/carrier/eligibility.go:78.3,78.15 1 0
github.com/minisms/minisms/internal/carrier/eligibility.go:78.15,80.4 1 0
github.com/minisms/minisms/internal/carrier/eligibility.go:81.10,82.59 1 0
github.com/minisms/minisms/internal/carrier/eligibility.go:85.2,86.17 2 1
github.com/minisms/minisms/internal/carrier/eligibility.go:86.17,88.3 1 0
github.com/minisms/minisms/internal/carrier/eligibility.go:88.8,90.3 1 1
github.com/minisms/minisms/internal/carrier/eligibility.go:91.2,91.95 1 1
github.com/minisms/minisms/internal/carrier/eligibility.go:91.95,92.18 1 0
github.com/minisms/minisms/internal/carrier/eligibility.go:92.18,94.4 1 0
github.com/minisms/minisms/internal/carrier/eligibility.go:95.3,100.15 3 0
github.com/minisms/minisms/internal/carrier/eligibility.go:100.15,103.20 3 0
github.com/minisms/minisms/internal/carrier/eligibility.go:103.20,105.45 2 0
github.com/minisms/minisms/internal/carrier/eligibility.go:105.45,106.14 1 0
github.com/minisms/minisms/internal/carrier/eligibility.go:108.5,108.19 1 0
github.com/minisms/minisms/internal/carrier/eligibility.go:108.19,109.21 1 0
github.com/minisms/minisms/internal/carrier/eligibility.go:109.21,111.7 1 0
github.com/minisms/minisms/internal/carrier/eligibility.go:112.6,112.14 1 0
github.com/minisms/minisms/internal/carrier/eligibility.go:114.5,114.61 1 0
github.com/minisms/minisms/internal/carrier/eligibility.go:114.61,117.6 2 0
github.com/minisms/minisms/internal/carrier/eligibility.go:120.3,120.24 1 0
github.com/minisms/minisms/internal/carrier/eligibility.go:120.24,122.140 2 0
github.com/minisms/minisms/internal/carrier/eligibility.go:122.140,124.5 1 0
github.com/minisms/minisms/internal/carrier/eligibility.go:128.2,129.41 2 1
github.com/minisms/minisms/internal/carrier/senderid.go:26.31,28.18 2 1
github.com/minisms/minisms/internal/carrier/senderid.go:28.18,30.3 1 1
github.com/minisms/minisms/internal/carrier/senderid.go:31.2,31.17 1 1
github.com/minisms/minisms/internal/carrier/senderid.go:31.17,32.16 1 1
github.com/minisms/minisms/internal/carrier/senderid.go:32.16,34.4 1 1
github.com/minisms/minisms/internal/carrier/senderid.go:35.3,35.81 1 1
github.com/minisms/minisms/internal/carrier/senderid.go:37.2,37.15 1 0
github.com/minisms/minisms/internal/carrier/senderid.go:37.15,41.15 4 0
github.com/minisms/minisms/internal/carrier/senderid.go:41.15,43.4 1 0
github.com/minisms/minisms/internal/carrier/senderid.go:44.3,50.17 2 0
github.com/minisms/minisms/internal/carrier/senderid.go:50.17,52.4 1 0
github.com/minisms/minisms/internal/carrier/senderid.go:53.3,53.27 1 0
github.com/minisms/minisms/internal/carrier/senderid.go:53.27,55.4 1 0
github.com/minisms/minisms/internal/carrier/senderid.go:56.3,56.35 1 0
github.com/minisms/minisms/internal/carrier/senderid.go:59.2,61.69 3 0
github.com/minisms/minisms/internal/carrier/senderid.go:61.69,63.3 1 0
github.com/minisms/minisms/internal/carrier/senderid.go:64.2,71.16 3 0
github.com/minisms/minisms/internal/carrier/senderid.go:71.16,73.3 1 0
github.com/minisms/minisms/internal/carrier/senderid.go:74.2,74.40 1 0
github.com/minisms/minisms/internal/carrier/senderid.go:74.40,76.3 1 0
github.com/minisms/minisms/internal/carrier/senderid.go:77.2,77.80 1 0
github.com/minisms/minisms/internal/carrier/smpp.go:24.77,31.2 6 1
github.com/minisms/minisms/internal/carrier/smpp.go:33.55,35.31 2 1
github.com/minisms/minisms/internal/carrier/smpp.go:35.31,36.44 1 1
github.com/minisms/minisms/internal/carrier/smpp.go:36.44,38.4 1 1
github.com/minisms/minisms/internal/carrier/smpp.go:40.2,40.14 1 1
github.com/minisms/minisms/internal/carrier/smpp.go:40.14,42.14 2 1
github.com/minisms/minisms/internal/carrier/smpp.go:42.14,44.4 1 0
github.com/minisms/minisms/internal/carrier/smpp.go:45.3,45.92 1 1
github.com/minisms/minisms/internal/carrier/smpp.go:45.92,47.4 1 1
github.com/minisms/minisms/internal/carrier/smpp.go:48.3,48.22 1 1
github.com/minisms/minisms/internal/carrier/smpp.go:48.22,50.4 1 1
github.com/minisms/minisms/internal/carrier/smpp.go:51.3,51.11 1 1
github.com/minisms/minisms/internal/carrier/smpp.go:53.2,53.114 1 1
github.com/minisms/minisms/internal/carrier/smpp.go:53.114,55.3 1 1
github.com/minisms/minisms/internal/carrier/smpp.go:56.2,56.10 1 0
github.com/minisms/minisms/internal/carrier/smpp.go:59.44,61.31 2 1
github.com/minisms/minisms/internal/carrier/smpp.go:61.31,62.44 1 1
github.com/minisms/minisms/internal/carrier/smpp.go:62.44,64.4 1 1
github.com/minisms/minisms/internal/carrier/smpp.go:66.2,66.26 1 1
github.com/minisms/minisms/internal/carrier/smpp.go:66.26,68.3 1 1
github.com/minisms/minisms/internal/carrier/smpp.go:69.2,69.10 1 1
github.com/minisms/minisms/internal/carrier/smpp.go:72.34,73.13 1 1
github.com/minisms/minisms/internal/carrier/smpp.go:73.13,75.3 1 0
github.com/minisms/minisms/internal/carrier/smpp.go:76.2,76.22 1 1
github.com/minisms/minisms/internal/carrier/smpp.go:76.22,77.25 1 1
github.com/minisms/minisms/internal/carrier/smpp.go:77.25,79.4 1 1
github.com/minisms/minisms/internal/carrier/smpp.go:81.2,81.13 1 1
github.com/minisms/minisms/internal/carrier/template.go:5.66,6.16 1 1
github.com/minisms/minisms/internal/carrier/template.go:6.16,8.3 1 1
github.com/minisms/minisms/internal/carrier/template.go:9.2,22.24 2 1
github.com/minisms/minisms/internal/web/audit_log.go:29.52,30.54 1 0
github.com/minisms/minisms/internal/web/audit_log.go:30.54,36.17 2 0
github.com/minisms/minisms/internal/web/audit_log.go:36.17,39.4 2 0
github.com/minisms/minisms/internal/web/audit_log.go:40.3,43.19 3 0
github.com/minisms/minisms/internal/web/audit_log.go:43.19,45.136 2 0
github.com/minisms/minisms/internal/web/audit_log.go:45.136,48.5 2 0
github.com/minisms/minisms/internal/web/audit_log.go:49.4,49.24 1 0
github.com/minisms/minisms/internal/web/audit_log.go:51.3,51.36 1 0
github.com/minisms/minisms/internal/web/audit_log.go:51.36,54.4 2 0
github.com/minisms/minisms/internal/web/audit_log.go:56.3,63.55 2 0
github.com/minisms/minisms/internal/web/audit_log.go:63.55,65.4 1 0
github.com/minisms/minisms/internal/web/auth.go:78.64,80.2 1 0
github.com/minisms/minisms/internal/web/auth.go:82.53,86.9 4 0
github.com/minisms/minisms/internal/web/auth.go:86.9,88.3 1 0
github.com/minisms/minisms/internal/web/auth.go:89.2,89.56 1 0
github.com/minisms/minisms/internal/web/auth.go:89.56,91.3 1 0
github.com/minisms/minisms/internal/web/auth.go:92.2,92.36 1 0
github.com/minisms/minisms/internal/web/auth.go:92.36,95.3 2 0
github.com/minisms/minisms/internal/web/auth.go:96.2,96.14 1 0
github.com/minisms/minisms/internal/web/auth.go:99.50,103.43 4 0
github.com/minisms/minisms/internal/web/auth.go:103.43,105.3 1 0
github.com/minisms/minisms/internal/web/auth.go:106.2,107.33 2 0
github.com/minisms/minisms/internal/web/auth.go:107.33,109.3 1 0
github.com/minisms/minisms/internal/web/auth.go:110.2,110.24 1 0
github.com/minisms/minisms/internal/web/auth.go:113.37,117.2 3 0
github.com/minisms/minisms/internal/web/auth.go:120.48,121.54 1 0
github.com/minisms/minisms/internal/web/auth.go:121.54,123.69 1 0
github.com/minisms/minisms/internal/web/auth.go:123.69,126.4 2 0
github.com/minisms/minisms/internal/web/auth.go:127.3,129.64 3 0
github.com/minisms/minisms/internal/web/auth.go:129.64,131.4 1 0
github.com/minisms/minisms/internal/web/auth.go:136.49,137.54 1 0
github.com/minisms/minisms/internal/web/auth.go:137.54,138.39 1 0
github.com/minisms/minisms/internal/web/auth.go:138.39,141.4 2 0
github.com/minisms/minisms/internal/web/auth.go:142.3,145.39 4 0
github.com/minisms/minisms/internal/web/auth.go:145.39,148.65 3 0
github.com/minisms/minisms/internal/web/auth.go:148.65,150.5 1 0
github.com/minisms/minisms/internal/web/auth.go:151.4,151.10 1 0
github.com/minisms/minisms/internal/web/auth.go:153.3,154.60 2 0
github.com/minisms/minisms/internal/web/auth.go:154.60,158.65 4 0
github.com/minisms/minisms/internal/web/auth.go:158.65,160.5 1 0
github.com/minisms/minisms/internal/web/auth.go:161.4,161.10 1 0
github.com/minisms/minisms/internal/web/auth.go:163.3,163.109 1 0
github.com/minisms/minisms/internal/web/auth.go:163.109,167.65 4 0
github.com/minisms/minisms/internal/web/auth.go:167.65,169.5 1 0
github.com/minisms/minisms/internal/web/auth.go:170.4,170.10 1 0
github.com/minisms/minisms/internal/web/auth.go:172.3,174.17 3 0
github.com/minisms/minisms/internal/web/auth.go:174.17,177.4 2 0
github.com/minisms/minisms/internal/web/auth.go:178.3,181.15 4 0
github.com/minisms/minisms/internal/web/auth.go:181.15,183.4 1 0
github.com/minisms/minisms/internal/web/auth.go:184.3,185.15 2 0
github.com/minisms/minisms/internal/web/auth.go:185.15,187.4 1 0
github.com/minisms/minisms/internal/web/auth.go:188.3,188.113 1 0
github.com/minisms/minisms/internal/web/auth.go:188.113,191.4 2 0
github.com/minisms/minisms/internal/web/auth.go:192.3,201.60 2 0
github.com/minisms/minisms/internal/web/auth.go:206.46,207.54 1 0
github.com/minisms/minisms/internal/web/auth.go:207.54,209.17 2 0
github.com/minisms/minisms/internal/web/auth.go:209.17,211.4 1 0
github.com/minisms/minisms/internal/web/auth.go:212.3,222.56 3 0
github.com/minisms/minisms/internal/web/auth.go:227.49,228.54 1 0
github.com/minisms/minisms/internal/web/auth.go:228.54,235.58 7 0
github.com/minisms/minisms/internal/web/auth.go:235.58,238.4 2 0
github.com/minisms/minisms/internal/web/auth.go:239.3,249.63 2 0
github.com/minisms/minisms/internal/web/auth.go:249.63,251.4 1 0
github.com/minisms/minisms/internal/web/auth.go:255.36,256.25 1 0
github.com/minisms/minisms/internal/web/auth.go:256.25,257.15 1 0
github.com/minisms/minisms/internal/web/auth.go:257.15,259.4 1 0
github.com/minisms/minisms/internal/web/auth.go:261.2,261.12 1 0
github.com/minisms/minisms/internal/web/carrier_validate.go:26.134,29.16 3 0
github.com/minisms/minisms/internal/web/carrier_validate.go:29.16,31.3 1 0
github.com/minisms/minisms/internal/web/carrier_validate.go:31.8,31.28 1 0
github.com/minisms/minisms/internal/web/carrier_validate.go:31.28,33.3 1 0
github.com/minisms/minisms/internal/web/carrier_validate.go:34.2,35.20 2 0
github.com/minisms/minisms/internal/web/carrier_validate.go:35.20,37.3 1 0
github.com/minisms/minisms/internal/web/carrier_validate.go:37.8,39.78 2 0
github.com/minisms/minisms/internal/web/carrier_validate.go:39.78,41.4 1 0
github.com/minisms/minisms/internal/web/carrier_validate.go:43.2,44.41 2 0
github.com/minisms/minisms/internal/web/carrier_validate.go:44.41,46.3 1 0
github.com/minisms/minisms/internal/web/carrier_validate.go:47.2,48.48 2 0
github.com/minisms/minisms/internal/web/carrier_validate.go:48.48,50.3 1 0
github.com/minisms/minisms/internal/web/carrier_validate.go:51.2,52.40 2 0
github.com/minisms/minisms/internal/web/carrier_validate.go:52.40,54.3 1 0
github.com/minisms/minisms/internal/web/carrier_validate.go:55.2,57.8 3 0
github.com/minisms/minisms/internal/web/carrier_validate.go:60.63,62.36 2 0
github.com/minisms/minisms/internal/web/carrier_validate.go:62.36,64.3 1 0
github.com/minisms/minisms/internal/web/carrier_validate.go:64.8,64.49 1 0
github.com/minisms/minisms/internal/web/carrier_validate.go:64.49,66.3 1 0
github.com/minisms/minisms/internal/web/carrier_validate.go:67.2,67.16 1 0
github.com/minisms/minisms/internal/web/carrier_validate.go:67.16,69.3 1 0
github.com/minisms/minisms/internal/web/carrier_validate.go:69.8,69.29 1 0
github.com/minisms/minisms/internal/web/carrier_validate.go:69.29,71.3 1 0
github.com/minisms/minisms/internal/web/carrier_validate.go:72.2,72.10 1 0
github.com/minisms/minisms/internal/web/carrier_validate.go:75.81,83.42 3 0
github.com/minisms/minisms/internal/web/carrier_validate.go:83.42,85.3 1 0
github.com/minisms/minisms/internal/web/carrier_validate.go:86.2,86.82 1 0
github.com/minisms/minisms/internal/web/carrier_validate.go:86.82,88.3 1 0
github.com/minisms/minisms/internal/web/carrier_validate.go:89.2,89.80 1 0
github.com/minisms/minisms/internal/web/carrier_validate.go:89.80,90.21 1 0
github.com/minisms/minisms/internal/web/carrier_validate.go:90.21,91.12 1 0
github.com/minisms/minisms/internal/web/carrier_validate.go:93.3,93.46 1 0
github.com/minisms/minisms/internal/web/carrier_validate.go:93.46,96.4 2 0
github.com/minisms/minisms/internal/web/carrier_validate.go:98.2,98.10 1 0
github.com/minisms/minisms/internal/web/carrier_validate.go:102.86,105.21 3 0
github.com/minisms/minisms/internal/web/carrier_validate.go:105.21,108.3 2 0
github.com/minisms/minisms/internal/web/carrier_validate.go:109.2,110.16 2 0
github.com/minisms/minisms/internal/web/carrier_validate.go:110.16,113.3 2 0
github.com/minisms/minisms/internal/web/carrier_validate.go:114.2,114.12 1 0
github.com/minisms/minisms/internal/web/carrier_validate.go:114.12,117.3 2 0
github.com/minisms/minisms/internal/web/carrier_validate.go:118.2,118.36 1 0
github.com/minisms/minisms/internal/web/carrier_validate.go:118.36,121.3 2 0
github.com/minisms/minisms/internal/web/carrier_validate.go:122.2,123.16 2 0
github.com/minisms/minisms/internal/web/carrier_validate.go:123.16,126.3 2 0
github.com/minisms/minisms/internal/web/carrier_validate.go:127.2,128.23 2 0
github.com/minisms/minisms/internal/web/carrier_validate.go:128.23,131.3 2 0
github.com/minisms/minisms/internal/web/carrier_validate.go:132.2,132.26 1 0
github.com/minisms/minisms/internal/web/carriers.go:16.64,17.54 1 0
github.com/minisms/minisms/internal/web/carriers.go:17.54,20.17 3 0
github.com/minisms/minisms/internal/web/carriers.go:20.17,23.4 2 0
github.com/minisms/minisms/internal/web/carriers.go:24.3,30.17 7 0
github.com/minisms/minisms/internal/web/carriers.go:30.17,33.4 2 0
github.com/minisms/minisms/internal/web/carriers.go:34.3,42.61 1 0
github.com/minisms/minisms/internal/web/carriers.go:46.58,47.54 1 0
github.com/minisms/minisms/internal/web/carriers.go:47.54,51.16 4 0
github.com/minisms/minisms/internal/web/carriers.go:51.16,53.4 1 0
github.com/minisms/minisms/internal/web/carriers.go:54.3,54.47 1 0
github.com/minisms/minisms/internal/web/carriers.go:58.61,59.54 1 0
github.com/minisms/minisms/internal/web/carriers.go:59.54,64.3 4 0
github.com/minisms/minisms/internal/web/carriers.go:67.65,68.54 1 0
github.com/minisms/minisms/internal/web/carriers.go:68.54,73.3 4 0
github.com/minisms/minisms/internal/web/carriers.go:76.32,78.13 2 0
github.com/minisms/minisms/internal/web/carriers.go:78.13,80.3 1 0
github.com/minisms/minisms/internal/web/carriers.go:81.2,81.17 1 0
github.com/minisms/minisms/internal/web/carriers.go:81.17,83.3 1 0
github.com/minisms/minisms/internal/web/carriers.go:84.2,84.55 1 0
github.com/minisms/minisms/internal/web/carriers.go:87.61,88.54 1 0
github.com/minisms/minisms/internal/web/carriers.go:88.54,91.17 3 0
github.com/minisms/minisms/internal/web/carriers.go:91.17,94.4 2 0
github.com/minisms/minisms/internal/web/carriers.go:95.3,96.80 2 0
github.com/minisms/minisms/internal/web/carriers.go:96.80,97.90 1 0
github.com/minisms/minisms/internal/web/carriers.go:97.90,99.5 1 0
github.com/minisms/minisms/internal/web/carriers.go:101.3,108.51 1 0
github.com/minisms/minisms/internal/web/carriers.go:112.62,113.54 1 0
github.com/minisms/minisms/internal/web/carriers.go:113.54,117.17 4 0
github.com/minisms/minisms/internal/web/carriers.go:117.17,120.4 2 0
github.com/minisms/minisms/internal/web/carriers.go:121.3,132.32 12 0
github.com/minisms/minisms/internal/web/carriers.go:132.32,135.92 3 0
github.com/minisms/minisms/internal/web/carriers.go:135.92,137.5 1 0
github.com/minisms/minisms/internal/web/carriers.go:139.3,139.25 1 0
github.com/minisms/minisms/internal/web/carriers.go:139.25,141.65 2 0
github.com/minisms/minisms/internal/web/carriers.go:141.65,143.5 1 0
github.com/minisms/minisms/internal/web/carriers.go:145.3,145.45 1 0
github.com/minisms/minisms/internal/web/carriers.go:145.45,147.4 1 0
github.com/minisms/minisms/internal/web/carriers.go:148.3,148.43 1 0
github.com/minisms/minisms/internal/web/carriers.go:148.43,150.4 1 0
github.com/minisms/minisms/internal/web/carriers.go:151.3,151.46 1 0
github.com/minisms/minisms/internal/web/carriers.go:151.46,153.4 1 0
github.com/minisms/minisms/internal/web/carriers.go:154.3,154.44 1 0
github.com/minisms/minisms/internal/web/carriers.go:154.44,156.4 1 0
github.com/minisms/minisms/internal/web/carriers.go:158.3,159.32 2 0
github.com/minisms/minisms/internal/web/carriers.go:159.32,161.16 2 0
github.com/minisms/minisms/internal/web/carriers.go:161.16,163.5 1 0
github.com/minisms/minisms/internal/web/carriers.go:163.10,165.5 1 0
github.com/minisms/minisms/internal/web/carriers.go:167.3,167.21 1 0
github.com/minisms/minisms/internal/web/carriers.go:167.21,180.18 2 0
github.com/minisms/minisms/internal/web/carriers.go:180.18,183.5 2 0
github.com/minisms/minisms/internal/web/carriers.go:184.4,184.50 1 0
github.com/minisms/minisms/internal/web/carriers.go:186.3,187.92 2 0
github.com/minisms/minisms/internal/web/carriers.go:187.92,188.90 1 0
github.com/minisms/minisms/internal/web/carriers.go:188.90,190.5 1 0
github.com/minisms/minisms/internal/web/carriers.go:192.3,192.20 1 0
github.com/minisms/minisms/internal/web/carriers.go:192.20,194.4 1 0
github.com/minisms/minisms/internal/web/carriers.go:195.3,202.119 1 0
github.com/minisms/minisms/internal/web/carriers.go:206.35,208.13 2 0
github.com/minisms/minisms/internal/web/carriers.go:208.13,210.3 1 0
github.com/minisms/minisms/internal/web/carriers.go:211.2,211.10 1 0
github.com/minisms/minisms/internal/web/carriers.go:214.48,216.20 2 0
github.com/minisms/minisms/internal/web/carriers.go:216.20,218.3 1 0
github.com/minisms/minisms/internal/web/carriers.go:219.2,219.9 1 0
github.com/minisms/minisms/internal/web/carriers.go:219.9,220.12 1 0
github.com/minisms/minisms/internal/web/carriers.go:221.42,222.15 1 0
github.com/minisms/minisms/internal/web/carriers.go:223.11,224.16 1 0
github.com/minisms/minisms/internal/web/carriers.go:227.2,227.11 1 0
github.com/minisms/minisms/internal/web/carriers.go:228.53,229.14 1 0
github.com/minisms/minisms/internal/web/carriers.go:230.10,231.15 1 0
github.com/minisms/minisms/internal/web/carriers_detail.go:27.56,28.54 1 0
github.com/minisms/minisms/internal/web/carriers_detail.go:28.54,31.27 3 0
github.com/minisms/minisms/internal/web/carriers_detail.go:31.27,34.4 2 0
github.com/minisms/minisms/internal/web/carriers_detail.go:35.3,35.17 1 0
github.com/minisms/minisms/internal/web/carriers_detail.go:35.17,38.4 2 0
github.com/minisms/minisms/internal/web/carriers_detail.go:39.3,42.38 4 0
github.com/minisms/minisms/internal/web/carriers_detail.go:54.55,55.54 1 0
github.com/minisms/minisms/internal/web/carriers_detail.go:55.54,58.17 3 0
github.com/minisms/minisms/internal/web/carriers_detail.go:58.17,61.4 2 0
github.com/minisms/minisms/internal/web/carriers_detail.go:62.3,63.26 2 0
github.com/minisms/minisms/internal/web/carriers_detail.go:63.26,69.4 2 0
github.com/minisms/minisms/internal/web/carriers_detail.go:70.3,74.48 2 0
github.com/minisms/minisms/internal/web/carriers_detail.go:79.61,80.54 1 0
github.com/minisms/minisms/internal/web/carriers_detail.go:80.54,81.17 1 0
github.com/minisms/minisms/internal/web/carriers_detail.go:81.17,84.4 2 0
github.com/minisms/minisms/internal/web/carriers_detail.go:85.3,89.38 2 0
github.com/minisms/minisms/internal/web/carriers_detail.go:94.56,95.54 1 0
github.com/minisms/minisms/internal/web/carriers_detail.go:95.54,101.18 6 0
github.com/minisms/minisms/internal/web/carriers_detail.go:101.18,109.4 3 0
github.com/minisms/minisms/internal/web/carriers_detail.go:110.3,111.17 2 0
github.com/minisms/minisms/internal/web/carriers_detail.go:111.17,114.4 2 0
github.com/minisms/minisms/internal/web/carriers_detail.go:115.3,116.17 2 0
github.com/minisms/minisms/internal/web/carriers_detail.go:116.17,119.4 2 0
github.com/minisms/minisms/internal/web/carriers_detail.go:120.3,124.5 2 0
github.com/minisms/minisms/internal/web/carriers_detail.go:129.56,130.54 1 0
github.com/minisms/minisms/internal/web/carriers_detail.go:130.54,135.3 4 0
github.com/minisms/minisms/internal/web/carriers_detail.go:139.56,140.54 1 0
github.com/minisms/minisms/internal/web/carriers_detail.go:140.54,143.17 3 0
github.com/minisms/minisms/internal/web/carriers_detail.go:143.17,146.4 2 0
github.com/minisms/minisms/internal/web/carriers_detail.go:147.3,148.15 2 0
github.com/minisms/minisms/internal/web/carriers_detail.go:148.15,150.26 2 0
github.com/minisms/minisms/internal/web/carriers_detail.go:150.26,152.5 1 0
github.com/minisms/minisms/internal/web/carriers_detail.go:154.3,158.55 1 0
github.com/minisms/minisms/internal/web/carriers_detail.go:162.43,163.36 1 0
github.com/minisms/minisms/internal/web/carriers_detail.go:163.36,165.3 1 0
github.com/minisms/minisms/internal/web/carriers_detail.go:166.2,166.11 1 0
github.com/minisms/minisms/internal/web/carriers_detail.go:170.52,171.54 1 0
github.com/minisms/minisms/internal/web/carriers_detail.go:171.54,176.18 5 0
github.com/minisms/minisms/internal/web/carriers_detail.go:176.18,184.4 3 0
github.com/minisms/minisms/internal/web/carriers_detail.go:185.3,185.93 1 0
github.com/minisms/minisms/internal/web/carriers_detail.go:185.93,188.4 2 0
github.com/minisms/minisms/internal/web/carriers_detail.go:189.3,195.69 3 0
github.com/minisms/minisms/internal/web/carriers_detail.go:210.50,211.54 1 0
github.com/minisms/minisms/internal/web/carriers_detail.go:211.54,214.27 3 0
github.com/minisms/minisms/internal/web/carriers_detail.go:214.27,217.4 2 0
github.com/minisms/minisms/internal/web/carriers_detail.go:218.3,218.17 1 0
github.com/minisms/minisms/internal/web/carriers_detail.go:218.17,221.4 2 0
github.com/minisms/minisms/internal/web/carriers_detail.go:222.3,223.17 2 0
github.com/minisms/minisms/internal/web/carriers_detail.go:223.17,226.4 2 0
github.com/minisms/minisms/internal/web/carriers_detail.go:227.3,230.5 1 0
github.com/minisms/minisms/internal/web/carriers_detail.go:235.53,236.54 1 0
github.com/minisms/minisms/internal/web/carriers_detail.go:236.54,240.27 4 0
github.com/minisms/minisms/internal/web/carriers_detail.go:240.27,243.4 2 0
github.com/minisms/minisms/internal/web/carriers_detail.go:244.3,244.17 1 0
github.com/minisms/minisms/internal/web/carriers_detail.go:244.17,247.4 2 0
github.com/minisms/minisms/internal/web/carriers_detail.go:248.3,249.15 2 0
github.com/minisms/minisms/internal/web/carriers_detail.go:249.15,258.4 4 0
github.com/minisms/minisms/internal/web/carriers_detail.go:259.3,260.17 2 0
github.com/minisms/minisms/internal/web/carriers_detail.go:260.17,263.4 2 0
github.com/minisms/minisms/internal/web/carriers_detail.go:264.3,269.5 3 0
github.com/minisms/minisms/internal/web/carriers_detail.go:273.49,275.13 2 0
github.com/minisms/minisms/internal/web/carriers_detail.go:275.13,277.3 1 0
github.com/minisms/minisms/internal/web/carriers_detail.go:278.2,278.11 1 0
github.com/minisms/minisms/internal/web/carriers_detail.go:282.53,283.54 1 0
github.com/minisms/minisms/internal/web/carriers_detail.go:283.54,286.27 3 0
github.com/minisms/minisms/internal/web/carriers_detail.go:286.27,289.4 2 0
github.com/minisms/minisms/internal/web/carriers_detail.go:290.3,290.17 1 0
github.com/minisms/minisms/internal/web/carriers_detail.go:290.17,293.4 2 0
github.com/minisms/minisms/internal/web/carriers_detail.go:294.3,295.17 2 0
github.com/minisms/minisms/internal/web/carriers_detail.go:295.17,298.4 2 0
github.com/minisms/minisms/internal/web/carriers_detail.go:299.3,307.5 2 0
github.com/minisms/minisms/internal/web/carriers_list.go:17.35,17.82 1 0
github.com/minisms/minisms/internal/web/carriers_list.go:42.49,48.2 1 0
github.com/minisms/minisms/internal/web/carriers_list.go:50.83,51.14 1 0
github.com/minisms/minisms/internal/web/carriers_list.go:51.14,53.3 1 0
github.com/minisms/minisms/internal/web/carriers_list.go:54.2,54.38 1 0
github.com/minisms/minisms/internal/web/carriers_list.go:60.52,61.54 1 0
github.com/minisms/minisms/internal/web/carriers_list.go:61.54,63.17 2 0
github.com/minisms/minisms/internal/web/carriers_list.go:63.17,66.4 2 0
github.com/minisms/minisms/internal/web/carriers_list.go:67.3,68.26 2 0
github.com/minisms/minisms/internal/web/carriers_list.go:68.26,70.4 1 0
github.com/minisms/minisms/internal/web/carriers_list.go:71.3,76.58 3 0
github.com/minisms/minisms/internal/web/carriers_list.go:76.58,78.4 1 0
github.com/minisms/minisms/internal/web/carriers_list.go:83.51,84.54 1 0
github.com/minisms/minisms/internal/web/carriers_list.go:84.54,85.17 1 0
github.com/minisms/minisms/internal/web/carriers_list.go:85.17,88.4 2 0
github.com/minisms/minisms/internal/web/carriers_list.go:89.3,90.17 2 0
github.com/minisms/minisms/internal/web/carriers_list.go:90.17,93.4 2 0
github.com/minisms/minisms/internal/web/carriers_list.go:94.3,96.66 3 0
github.com/minisms/minisms/internal/web/carriers_list.go:96.66,98.4 1 0
github.com/minisms/minisms/internal/web/carriers_list.go:103.53,104.54 1 0
github.com/minisms/minisms/internal/web/carriers_list.go:104.54,107.16 3 0
github.com/minisms/minisms/internal/web/carriers_list.go:107.16,109.4 1 0
github.com/minisms/minisms/internal/web/carriers_list.go:110.3,110.50 1 0
github.com/minisms/minisms/internal/web/carriers_list.go:110.50,111.65 1 0
github.com/minisms/minisms/internal/web/carriers_list.go:111.65,113.5 1 0
github.com/minisms/minisms/internal/web/carriers_list.go:113.10,113.91 1 0
github.com/minisms/minisms/internal/web/carriers_list.go:113.91,115.5 1 0
github.com/minisms/minisms/internal/web/carriers_list.go:117.3,117.18 1 0
github.com/minisms/minisms/internal/web/carriers_list.go:117.18,124.4 6 0
github.com/minisms/minisms/internal/web/carriers_list.go:125.3,126.34 2 0
github.com/minisms/minisms/internal/web/carriers_list.go:126.34,129.4 2 0
github.com/minisms/minisms/internal/web/carriers_list.go:130.3,133.17 2 0
github.com/minisms/minisms/internal/web/carriers_list.go:133.17,134.50 1 0
github.com/minisms/minisms/internal/web/carriers_list.go:134.50,141.5 6 0
github.com/minisms/minisms/internal/web/carriers_list.go:142.4,143.10 2 0
github.com/minisms/minisms/internal/web/carriers_list.go:145.3,146.17 2 0
github.com/minisms/minisms/internal/web/carriers_list.go:146.17,149.4 2 0
github.com/minisms/minisms/internal/web/carriers_list.go:150.3,151.61 2 0
github.com/minisms/minisms/internal/web/carriers_list.go:155.31,157.13 2 0
github.com/minisms/minisms/internal/web/carriers_list.go:157.13,159.3 1 0
github.com/minisms/minisms/internal/web/carriers_list.go:160.2,160.11 1 0
github.com/minisms/minisms/internal/web/carriers_list.go:164.52,165.54 1 0
github.com/minisms/minisms/internal/web/carriers_list.go:165.54,167.17 2 0
github.com/minisms/minisms/internal/web/carriers_list.go:167.17,170.4 2 0
github.com/minisms/minisms/internal/web/carriers_list.go:171.3,172.27 2 0
github.com/minisms/minisms/internal/web/carriers_list.go:172.27,175.4 2 0
github.com/minisms/minisms/internal/web/carriers_list.go:176.3,176.17 1 0
github.com/minisms/minisms/internal/web/carriers_list.go:176.17,179.4 2 0
github.com/minisms/minisms/internal/web/carriers_list.go:180.3,183.27 4 0
github.com/minisms/minisms/internal/web/carriers_list.go:183.27,185.4 1 0
github.com/minisms/minisms/internal/web/carriers_list.go:186.3,187.21 2 0
github.com/minisms/minisms/internal/web/carriers_list.go:187.21,189.4 1 0
github.com/minisms/minisms/internal/web/carriers_list.go:190.3,196.67 2 0
github.com/minisms/minisms/internal/web/carriers_list.go:196.67,198.4 1 0
github.com/minisms/minisms/internal/web/carriers_list.go:203.53,204.54 1 0
github.com/minisms/minisms/internal/web/carriers_list.go:204.54,208.16 4 0
github.com/minisms/minisms/internal/web/carriers_list.go:208.16,210.4 1 0
github.com/minisms/minisms/internal/web/carriers_list.go:211.3,211.50 1 0
github.com/minisms/minisms/internal/web/carriers_list.go:211.50,212.65 1 0
github.com/minisms/minisms/internal/web/carriers_list.go:212.65,214.5 1 0
github.com/minisms/minisms/internal/web/carriers_list.go:214.10,214.91 1 0
github.com/minisms/minisms/internal/web/carriers_list.go:214.91,216.5 1 0
github.com/minisms/minisms/internal/web/carriers_list.go:218.3,218.18 1 0
github.com/minisms/minisms/internal/web/carriers_list.go:218.18,230.4 6 0
github.com/minisms/minisms/internal/web/carriers_list.go:231.3,232.34 2 0
github.com/minisms/minisms/internal/web/carriers_list.go:232.34,235.4 2 0
github.com/minisms/minisms/internal/web/carriers_list.go:236.3,239.27 2 0
github.com/minisms/minisms/internal/web/carriers_list.go:239.27,242.4 2 0
github.com/minisms/minisms/internal/web/carriers_list.go:243.3,243.17 1 0
github.com/minisms/minisms/internal/web/carriers_list.go:243.17,244.50 1 0
github.com/minisms/minisms/internal/web/carriers_list.go:244.50,256.5 6 0
github.com/minisms/minisms/internal/web/carriers_list.go:257.4,258.10 2 0
github.com/minisms/minisms/internal/web/carriers_list.go:260.3,261.16 2 0
github.com/minisms/minisms/internal/web/carriers_list.go:261.16,264.4 2 0
github.com/minisms/minisms/internal/web/carriers_list.go:265.3,265.61 1 0
github.com/minisms/minisms/internal/web/carriers_list.go:270.61,271.54 1 0
github.com/minisms/minisms/internal/web/carriers_list.go:271.54,274.27 3 0
github.com/minisms/minisms/internal/web/carriers_list.go:274.27,277.4 2 0
github.com/minisms/minisms/internal/web/carriers_list.go:278.3,278.17 1 0
github.com/minisms/minisms/internal/web/carriers_list.go:278.17,281.4 2 0
github.com/minisms/minisms/internal/web/carriers_list.go:282.3,282.61 1 0
github.com/minisms/minisms/internal/web/carriers_list.go:287.59,288.54 1 0
github.com/minisms/minisms/internal/web/carriers_list.go:288.54,291.27 3 0
github.com/minisms/minisms/internal/web/carriers_list.go:291.27,294.4 2 0
github.com/minisms/minisms/internal/web/carriers_list.go:295.3,295.17 1 0
github.com/minisms/minisms/internal/web/carriers_list.go:295.17,298.4 2 0
github.com/minisms/minisms/internal/web/carriers_list.go:299.3,300.16 2 0
github.com/minisms/minisms/internal/web/carriers_list.go:300.16,303.4 2 0
github.com/minisms/minisms/internal/web/carriers_list.go:304.3,304.61 1 0
github.com/minisms/minisms/internal/web/clients.go:38.83,40.25 2 0
github.com/minisms/minisms/internal/web/clients.go:40.25,41.27 1 0
github.com/minisms/minisms/internal/web/clients.go:41.27,43.4 1 0
github.com/minisms/minisms/internal/web/clients.go:45.2,45.12 1 0
github.com/minisms/minisms/internal/web/clients.go:49.47,61.24 4 0
github.com/minisms/minisms/internal/web/clients.go:61.24,63.3 1 0
github.com/minisms/minisms/internal/web/clients.go:64.2,64.67 1 0
github.com/minisms/minisms/internal/web/clients.go:64.67,66.3 1 0
github.com/minisms/minisms/internal/web/clients.go:67.2,67.70 1 0
github.com/minisms/minisms/internal/web/clients.go:67.70,69.3 1 0
github.com/minisms/minisms/internal/web/clients.go:70.2,71.18 2 0
github.com/minisms/minisms/internal/web/clients.go:71.18,73.3 1 0
github.com/minisms/minisms/internal/web/clients.go:74.2,74.19 1 0
github.com/minisms/minisms/internal/web/clients.go:74.19,76.3 1 0
github.com/minisms/minisms/internal/web/clients.go:76.8,76.57 1 0
github.com/minisms/minisms/internal/web/clients.go:76.57,78.3 1 0
github.com/minisms/minisms/internal/web/clients.go:79.2,79.79 1 0
github.com/minisms/minisms/internal/web/clients.go:79.79,81.3 1 0
github.com/minisms/minisms/internal/web/clients.go:82.2,82.47 1 0
github.com/minisms/minisms/internal/web/clients.go:82.47,84.3 1 0
github.com/minisms/minisms/internal/web/clients.go:85.2,85.26 1 0
github.com/minisms/minisms/internal/web/clients.go:85.26,86.51 1 0
github.com/minisms/minisms/internal/web/clients.go:86.51,88.4 1 0
github.com/minisms/minisms/internal/web/clients.go:90.2,90.29 1 0
github.com/minisms/minisms/internal/web/clients.go:90.29,91.54 1 0
github.com/minisms/minisms/internal/web/clients.go:91.54,93.4 1 0
github.com/minisms/minisms/internal/web/clients.go:95.2,95.28 1 0
github.com/minisms/minisms/internal/web/clients.go:95.28,97.91 2 0
github.com/minisms/minisms/internal/web/clients.go:97.91,99.4 1 0
github.com/minisms/minisms/internal/web/clients.go:101.2,101.65 1 0
github.com/minisms/minisms/internal/web/clients.go:101.65,103.3 1 0
github.com/minisms/minisms/internal/web/clients.go:104.2,106.16 3 0
github.com/minisms/minisms/internal/web/clients.go:109.37,110.45 1 0
github.com/minisms/minisms/internal/web/clients.go:110.45,112.3 1 0
github.com/minisms/minisms/internal/web/clients.go:113.2,114.19 2 0
github.com/minisms/minisms/internal/web/clients.go:114.19,116.3 1 0
github.com/minisms/minisms/internal/web/clients.go:117.2,117.61 1 0
github.com/minisms/minisms/internal/web/clients.go:120.51,121.54 1 0
github.com/minisms/minisms/internal/web/clients.go:121.54,123.17 2 0
github.com/minisms/minisms/internal/web/clients.go:123.17,126.4 2 0
github.com/minisms/minisms/internal/web/clients.go:127.3,131.5 1 0
github.com/minisms/minisms/internal/web/clients.go:135.57,136.54 1 0
github.com/minisms/minisms/internal/web/clients.go:136.54,137.17 1 0
github.com/minisms/minisms/internal/web/clients.go:137.17,140.4 2 0
github.com/minisms/minisms/internal/web/clients.go:141.3,149.130 3 0
github.com/minisms/minisms/internal/web/clients.go:153.52,154.54 1 0
github.com/minisms/minisms/internal/web/clients.go:154.54,157.80 3 0
github.com/minisms/minisms/internal/web/clients.go:157.80,159.18 2 0
github.com/minisms/minisms/internal/web/clients.go:159.18,161.5 1 0
github.com/minisms/minisms/internal/web/clients.go:161.10,163.5 1 0
github.com/minisms/minisms/internal/web/clients.go:165.3,165.45 1 0
github.com/minisms/minisms/internal/web/clients.go:165.45,167.30 2 0
github.com/minisms/minisms/internal/web/clients.go:167.30,169.5 1 0
github.com/minisms/minisms/internal/web/clients.go:171.3,171.48 1 0
github.com/minisms/minisms/internal/web/clients.go:171.48,173.11 2 0
github.com/minisms/minisms/internal/web/clients.go:173.11,175.5 1 0
github.com/minisms/minisms/internal/web/clients.go:177.3,177.20 1 0
github.com/minisms/minisms/internal/web/clients.go:177.20,189.4 5 0
github.com/minisms/minisms/internal/web/clients.go:190.3,191.17 2 0
github.com/minisms/minisms/internal/web/clients.go:191.17,192.49 1 0
github.com/minisms/minisms/internal/web/clients.go:192.49,205.5 6 0
github.com/minisms/minisms/internal/web/clients.go:206.4,207.10 2 0
github.com/minisms/minisms/internal/web/clients.go:209.3,210.26 2 0
github.com/minisms/minisms/internal/web/clients.go:210.26,211.24 1 0
github.com/minisms/minisms/internal/web/clients.go:211.24,214.5 2 0
github.com/minisms/minisms/internal/web/clients.go:216.3,216.22 1 0
github.com/minisms/minisms/internal/web/clients.go:220.39,222.2 1 0
github.com/minisms/minisms/internal/web/clients.go:224.31,225.14 1 0
github.com/minisms/minisms/internal/web/clients.go:225.14,227.3 1 0
github.com/minisms/minisms/internal/web/clients.go:228.2,228.11 1 0
github.com/minisms/minisms/internal/web/clients.go:231.58,232.54 1 0
github.com/minisms/minisms/internal/web/clients.go:232.54,234.17 2 0
github.com/minisms/minisms/internal/web/clients.go:234.17,237.4 2 0
github.com/minisms/minisms/internal/web/clients.go:238.3,239.27 2 0
github.com/minisms/minisms/internal/web/clients.go:239.27,242.4 2 0
github.com/minisms/minisms/internal/web/clients.go:243.3,243.17 1 0
github.com/minisms/minisms/internal/web/clients.go:243.17,246.4 2 0
github.com/minisms/minisms/internal/web/clients.go:247.3,259.5 3 0
github.com/minisms/minisms/internal/web/clients.go:263.60,264.54 1 0
github.com/minisms/minisms/internal/web/clients.go:264.54,267.17 3 0
github.com/minisms/minisms/internal/web/clients.go:267.17,270.4 2 0
github.com/minisms/minisms/internal/web/clients.go:271.3,271.26 1 0
github.com/minisms/minisms/internal/web/clients.go:271.26,272.24 1 0
github.com/minisms/minisms/internal/web/clients.go:272.24,275.5 2 0
github.com/minisms/minisms/internal/web/clients.go:277.3,277.22 1 0
github.com/minisms/minisms/internal/web/clients.go:281.50,282.54 1 0
github.com/minisms/minisms/internal/web/clients.go:282.54,285.27 3 0
github.com/minisms/minisms/internal/web/clients.go:285.27,288.4 2 0
github.com/minisms/minisms/internal/web/clients.go:289.3,289.17 1 0
github.com/minisms/minisms/internal/web/clients.go:289.17,292.4 2 0
github.com/minisms/minisms/internal/web/clients.go:293.3,299.5 3 0
github.com/minisms/minisms/internal/web/clients.go:303.58,304.54 1 0
github.com/minisms/minisms/internal/web/clients.go:304.54,307.27 3 0
github.com/minisms/minisms/internal/web/clients.go:307.27,310.4 2 0
github.com/minisms/minisms/internal/web/clients.go:311.3,311.17 1 0
github.com/minisms/minisms/internal/web/clients.go:311.17,314.4 2 0
github.com/minisms/minisms/internal/web/clients.go:315.3,318.44 4 0
github.com/minisms/minisms/internal/web/clients.go:318.44,319.88 1 0
github.com/minisms/minisms/internal/web/clients.go:319.88,321.5 1 0
github.com/minisms/minisms/internal/web/clients.go:323.3,335.166 1 0
github.com/minisms/minisms/internal/web/clients.go:339.52,340.54 1 0
github.com/minisms/minisms/internal/web/clients.go:340.54,347.80 7 0
github.com/minisms/minisms/internal/web/clients.go:347.80,349.18 2 0
github.com/minisms/minisms/internal/web/clients.go:349.18,351.5 1 0
github.com/minisms/minisms/internal/web/clients.go:351.10,353.5 1 0
github.com/minisms/minisms/internal/web/clients.go:354.9,354.29 1 0
github.com/minisms/minisms/internal/web/clients.go:354.29,356.4 1 0
github.com/minisms/minisms/internal/web/clients.go:357.3,359.57 3 0
github.com/minisms/minisms/internal/web/clients.go:359.57,361.133 2 0
github.com/minisms/minisms/internal/web/clients.go:361.133,364.5 2 0
github.com/minisms/minisms/internal/web/clients.go:365.4,365.26 1 0
github.com/minisms/minisms/internal/web/clients.go:365.26,368.31 3 0
github.com/minisms/minisms/internal/web/clients.go:368.31,370.6 1 0
github.com/minisms/minisms/internal/web/clients.go:371.5,371.21 1 0
github.com/minisms/minisms/internal/web/clients.go:371.21,373.6 1 0
github.com/minisms/minisms/internal/web/clients.go:376.3,376.45 1 0
github.com/minisms/minisms/internal/web/clients.go:376.45,378.30 2 0
github.com/minisms/minisms/internal/web/clients.go:378.30,380.5 1 0
github.com/minisms/minisms/internal/web/clients.go:382.3,382.48 1 0
github.com/minisms/minisms/internal/web/clients.go:382.48,384.11 2 0
github.com/minisms/minisms/internal/web/clients.go:384.11,386.5 1 0
github.com/minisms/minisms/internal/web/clients.go:388.3,388.21 1 0
github.com/minisms/minisms/internal/web/clients.go:388.21,389.70 1 0
github.com/minisms/minisms/internal/web/clients.go:389.70,390.50 1 0
github.com/minisms/minisms/internal/web/clients.go:390.50,392.6 1 0
github.com/minisms/minisms/internal/web/clients.go:392.11,392.36 1 0
github.com/minisms/minisms/internal/web/clients.go:392.36,395.6 2 0
github.com/minisms/minisms/internal/web/clients.go:395.11,398.6 2 0
github.com/minisms/minisms/internal/web/clients.go:401.3,401.40 1 0
github.com/minisms/minisms/internal/web/clients.go:401.40,403.180 2 0
github.com/minisms/minisms/internal/web/clients.go:403.180,406.5 2 0
github.com/minisms/minisms/internal/web/clients.go:407.4,407.167 1 0
github.com/minisms/minisms/internal/web/clients.go:407.167,410.5 2 0
github.com/minisms/minisms/internal/web/clients.go:413.3,413.17 1 0
github.com/minisms/minisms/internal/web/clients.go:413.17,414.21 1 0
github.com/minisms/minisms/internal/web/clients.go:414.21,430.5 5 0
github.com/minisms/minisms/internal/web/clients.go:431.4,432.27 2 0
github.com/minisms/minisms/internal/web/clients.go:432.27,433.25 1 0
github.com/minisms/minisms/internal/web/clients.go:433.25,436.6 2 0
github.com/minisms/minisms/internal/web/clients.go:438.4,439.10 2 0
github.com/minisms/minisms/internal/web/clients.go:442.3,445.20 4 0
github.com/minisms/minisms/internal/web/clients.go:445.20,447.4 1 0
github.com/minisms/minisms/internal/web/clients.go:448.3,449.21 2 0
github.com/minisms/minisms/internal/web/clients.go:449.21,451.4 1 0
github.com/minisms/minisms/internal/web/clients.go:452.3,453.44 2 0
github.com/minisms/minisms/internal/web/clients.go:453.44,454.88 1 0
github.com/minisms/minisms/internal/web/clients.go:454.88,456.5 1 0
github.com/minisms/minisms/internal/web/clients.go:458.3,470.186 1 0
github.com/minisms/minisms/internal/web/clients.go:474.58,475.54 1 0
github.com/minisms/minisms/internal/web/clients.go:475.54,478.27 3 0
github.com/minisms/minisms/internal/web/clients.go:478.27,481.4 2 0
github.com/minisms/minisms/internal/web/clients.go:482.3,482.17 1 0
github.com/minisms/minisms/internal/web/clients.go:482.17,485.4 2 0
github.com/minisms/minisms/internal/web/clients.go:486.3,487.26 2 0
github.com/minisms/minisms/internal/web/clients.go:487.26,488.24 1 0
github.com/minisms/minisms/internal/web/clients.go:488.24,491.5 2 0
github.com/minisms/minisms/internal/web/clients.go:493.3,493.22 1 0
github.com/minisms/minisms/internal/web/clients.go:497.56,498.54 1 0
github.com/minisms/minisms/internal/web/clients.go:498.54,501.17 3 0
github.com/minisms/minisms/internal/web/clients.go:501.17,502.28 1 0
github.com/minisms/minisms/internal/web/clients.go:502.28,504.5 1 0
github.com/minisms/minisms/internal/web/clients.go:504.10,506.5 1 0
github.com/minisms/minisms/internal/web/clients.go:507.4,507.10 1 0
github.com/minisms/minisms/internal/web/clients.go:509.3,510.17 2 0
github.com/minisms/minisms/internal/web/clients.go:510.17,513.4 2 0
github.com/minisms/minisms/internal/web/clients.go:514.3,520.78 1 0
github.com/minisms/minisms/internal/web/clients.go:524.59,525.54 1 0
github.com/minisms/minisms/internal/web/clients.go:525.54,529.17 4 0
github.com/minisms/minisms/internal/web/clients.go:529.17,530.28 1 0
github.com/minisms/minisms/internal/web/clients.go:530.28,532.5 1 0
github.com/minisms/minisms/internal/web/clients.go:532.10,534.5 1 0
github.com/minisms/minisms/internal/web/clients.go:535.4,535.10 1 0
github.com/minisms/minisms/internal/web/clients.go:537.3,542.46 6 0
github.com/minisms/minisms/internal/web/clients.go:542.46,544.4 1 0
github.com/minisms/minisms/internal/web/clients.go:545.3,545.80 1 0
github.com/minisms/minisms/internal/web/clients.go:545.80,547.4 1 0
github.com/minisms/minisms/internal/web/clients.go:548.3,548.21 1 0
github.com/minisms/minisms/internal/web/clients.go:548.21,550.18 2 0
github.com/minisms/minisms/internal/web/clients.go:550.18,553.5 2 0
github.com/minisms/minisms/internal/web/clients.go:555.3,557.20 3 0
github.com/minisms/minisms/internal/web/clients.go:557.20,559.4 1 0
github.com/minisms/minisms/internal/web/clients.go:559.9,561.4 1 0
github.com/minisms/minisms/internal/web/clients.go:562.3,568.82 1 0
github.com/minisms/minisms/internal/web/clients.go:572.54,573.54 1 0
github.com/minisms/minisms/internal/web/clients.go:573.54,576.17 3 0
github.com/minisms/minisms/internal/web/clients.go:576.17,579.4 2 0
github.com/minisms/minisms/internal/web/clients.go:580.3,584.30 1 0
github.com/minisms/minisms/internal/web/clients.go:588.60,589.54 1 0
github.com/minisms/minisms/internal/web/clients.go:589.54,592.17 3 0
github.com/minisms/minisms/internal/web/clients.go:592.17,595.4 2 0
github.com/minisms/minisms/internal/web/clients.go:596.3,600.14 2 0
github.com/minisms/minisms/internal/web/clients.go:604.58,605.54 1 0
github.com/minisms/minisms/internal/web/clients.go:605.54,607.83 2 0
github.com/minisms/minisms/internal/web/clients.go:607.83,610.4 2 0
github.com/minisms/minisms/internal/web/clients.go:611.3,616.30 2 0
github.com/minisms/minisms/internal/web/clients.go:620.63,621.54 1 0
github.com/minisms/minisms/internal/web/clients.go:621.54,624.17 3 0
github.com/minisms/minisms/internal/web/clients.go:624.17,627.4 2 0
github.com/minisms/minisms/internal/web/clients.go:628.3,633.17 6 0
github.com/minisms/minisms/internal/web/clients.go:633.17,636.4 2 0
github.com/minisms/minisms/internal/web/clients.go:637.3,644.50 1 0
github.com/minisms/minisms/internal/web/clients.go:648.57,649.54 1 0
github.com/minisms/minisms/internal/web/clients.go:649.54,653.16 4 0
github.com/minisms/minisms/internal/web/clients.go:653.16,655.4 1 0
github.com/minisms/minisms/internal/web/clients.go:656.3,656.46 1 0
github.com/minisms/minisms/internal/web/clients.go:660.60,661.54 1 0
github.com/minisms/minisms/internal/web/clients.go:661.54,666.3 4 0
github.com/minisms/minisms/internal/web/clients.go:669.64,670.54 1 0
github.com/minisms/minisms/internal/web/clients.go:670.54,675.3 4 0
github.com/minisms/minisms/internal/web/context.go:14.79,16.2 1 0
github.com/minisms/minisms/internal/web/context.go:19.67,21.14 2 0
github.com/minisms/minisms/internal/web/context.go:21.14,23.3 1 0
github.com/minisms/minisms/internal/web/context.go:24.2,25.10 2 0
github.com/minisms/minisms/internal/web/currencies.go:36.54,37.54 1 0
github.com/minisms/minisms/internal/web/currencies.go:37.54,39.17 2 0
github.com/minisms/minisms/internal/web/currencies.go:39.17,42.4 2 0
github.com/minisms/minisms/internal/web/currencies.go:43.3,60.17 3 0
github.com/minisms/minisms/internal/web/currencies.go:60.17,63.4 2 0
github.com/minisms/minisms/internal/web/currencies.go:64.3,64.57 1 0
github.com/minisms/minisms/internal/web/currencies.go:64.57,66.4 1 0
github.com/minisms/minisms/internal/web/currencies.go:70.54,71.54 1 0
github.com/minisms/minisms/internal/web/currencies.go:71.54,72.39 1 0
github.com/minisms/minisms/internal/web/currencies.go:72.39,75.4 2 0
github.com/minisms/minisms/internal/web/currencies.go:76.3,84.10 3 0
github.com/minisms/minisms/internal/web/currencies.go:84.10,87.4 2 0
github.com/minisms/minisms/internal/web/currencies.go:88.3,95.17 2 0
github.com/minisms/minisms/internal/web/currencies.go:95.17,98.4 2 0
github.com/minisms/minisms/internal/web/currencies.go:99.3,100.17 2 0
github.com/minisms/minisms/internal/web/currencies.go:100.17,103.4 2 0
[...]
github.com/minisms/minisms/internal/db/currencies.go:73.2,77.12 2 0
github.com/minisms/minisms/internal/db/currencies.go:80.80,86.2 2 0
github.com/minisms/minisms/internal/db/currencies.go:88.87,94.2 2 0
github.com/minisms/minisms/internal/db/db.go:11.78,13.16 2 0
github.com/minisms/minisms/internal/db/db.go:13.16,15.3 1 0
github.com/minisms/minisms/internal/db/db.go:16.2,17.16 2 0
github.com/minisms/minisms/internal/db/db.go:17.16,19.3 1 0
github.com/minisms/minisms/internal/db/db.go:20.2,20.39 1 0
github.com/minisms/minisms/internal/db/db.go:20.39,23.3 2 0
github.com/minisms/minisms/internal/db/db.go:24.2,24.18 1 0
github.com/minisms/minisms/internal/db/dlr.go:36.102,57.16 4 0
github.com/minisms/minisms/internal/db/dlr.go:57.16,59.3 1 0
github.com/minisms/minisms/internal/db/dlr.go:60.2,60.27 1 0
github.com/minisms/minisms/internal/db/dlr.go:60.27,62.59 2 0
github.com/minisms/minisms/internal/db/dlr.go:62.59,64.4 1 0
github.com/minisms/minisms/internal/db/dlr.go:66.2,66.16 1 0
github.com/minisms/minisms/internal/db/dlr.go:69.100,84.2 2 0
github.com/minisms/minisms/internal/db/dlr.go:86.142,87.13 1 0
github.com/minisms/minisms/internal/db/dlr.go:87.13,97.3 2 0
github.com/minisms/minisms/internal/db/dlr.go:98.2,98.18 1 0
github.com/minisms/minisms/internal/db/dlr.go:98.18,107.3 2 0
github.com/minisms/minisms/internal/db/dlr.go:108.2,114.12 2 0
github.com/minisms/minisms/internal/db/dlr.go:117.103,119.2 1 0
github.com/minisms/minisms/internal/db/dlr.go:121.33,123.2 1 0
github.com/minisms/minisms/internal/db/queries.go:19.76,20.49 1 0
github.com/minisms/minisms/internal/db/queries.go:20.49,22.3 1 0
github.com/minisms/minisms/internal/db/queries.go:23.2,24.50 2 0
github.com/minisms/minisms/internal/db/queries.go:28.40,31.2 2 0
github.com/minisms/minisms/internal/db/queries.go:34.149,42.16 4 0
github.com/minisms/minisms/internal/db/queries.go:42.16,44.3 1 0
github.com/minisms/minisms/internal/db/queries.go:45.2,45.12 1 0
github.com/minisms/minisms/internal/db/queries.go:48.43,49.28 1 0
github.com/minisms/minisms/internal/db/queries.go:49.28,51.3 1 0
github.com/minisms/minisms/internal/db/queries.go:52.2,52.37 1 0
github.com/minisms/minisms/internal/db/queries.go:52.37,54.3 1 0
github.com/minisms/minisms/internal/db/queries.go:55.2,55.11 1 0
github.com/minisms/minisms/internal/db/queries.go:60.120,80.26 5 0
github.com/minisms/minisms/internal/db/queries.go:80.26,82.3 1 0
github.com/minisms/minisms/internal/db/queries.go:83.2,83.16 1 0
github.com/minisms/minisms/internal/db/queries.go:83.16,85.3 1 0
github.com/minisms/minisms/internal/db/queries.go:86.2,86.34 1 0
github.com/minisms/minisms/internal/db/queries.go:86.34,88.3 1 0
github.com/minisms/minisms/internal/db/queries.go:89.2,90.16 2 0
github.com/minisms/minisms/internal/db/queries.go:94.122,103.16 4 0
github.com/minisms/minisms/internal/db/queries.go:103.16,105.3 1 0
github.com/minisms/minisms/internal/db/queries.go:106.2,106.28 1 0
github.com/minisms/minisms/internal/db/queries.go:106.28,108.3 1 0
github.com/minisms/minisms/internal/db/queries.go:109.2,109.12 1 0
github.com/minisms/minisms/internal/db/queries.go:113.88,119.2 2 0
github.com/minisms/minisms/internal/db/queries.go:122.76,124.2 1 0
github.com/minisms/minisms/internal/db/queries.go:127.78,129.2 1 0
github.com/minisms/minisms/internal/db/queries.go:132.75,134.2 1 0
github.com/minisms/minisms/internal/db/queries.go:137.80,143.2 1 0
github.com/minisms/minisms/internal/db/queries.go:145.81,148.16 3 0
github.com/minisms/minisms/internal/db/queries.go:148.16,150.3 1 0
github.com/minisms/minisms/internal/db/queries.go:151.2,151.15 1 0
github.com/minisms/minisms/internal/db/rate_entries.go:33.100,45.16 2 0
github.com/minisms/minisms/internal/db/rate_entries.go:45.16,47.3 1 0
github.com/minisms/minisms/internal/db/rate_entries.go:48.2,50.18 3 0
github.com/minisms/minisms/internal/db/rate_entries.go:50.18,52.139 2 0
github.com/minisms/minisms/internal/db/rate_entries.go:52.139,54.4 1 0
github.com/minisms/minisms/internal/db/rate_entries.go:55.3,55.23 1 0
github.com/minisms/minisms/internal/db/rate_entries.go:57.2,57.24 1 0
github.com/minisms/minisms/internal/db/rate_entries.go:60.105,68.16 3 0
github.com/minisms/minisms/internal/db/rate_entries.go:68.16,70.3 1 0
github.com/minisms/minisms/internal/db/rate_entries.go:71.2,71.16 1 0
github.com/minisms/minisms/internal/db/rate_entries.go:74.144,76.52 2 0
github.com/minisms/minisms/internal/db/rate_entries.go:76.52,83.27 2 0
github.com/minisms/minisms/internal/db/rate_entries.go:83.27,85.4 1 0
github.com/minisms/minisms/internal/db/rate_entries.go:86.3,86.25 1 0
github.com/minisms/minisms/internal/db/rate_entries.go:88.2,93.26 2 0
github.com/minisms/minisms/internal/db/rate_entries.go:93.26,95.3 1 0
github.com/minisms/minisms/internal/db/rate_entries.go:96.2,96.24 1 0
github.com/minisms/minisms/internal/db/rate_entries.go:99.120,107.16 3 0
github.com/minisms/minisms/internal/db/rate_entries.go:107.16,109.3 1 0
github.com/minisms/minisms/internal/db/rate_entries.go:110.2,111.47 2 0
github.com/minisms/minisms/internal/db/rate_entries.go:111.47,113.3 1 0
github.com/minisms/minisms/internal/db/rate_entries.go:114.2,114.16 1 0
github.com/minisms/minisms/internal/db/rate_entries.go:117.119,124.16 2 0
github.com/minisms/minisms/internal/db/rate_entries.go:124.16,126.48 2 0
github.com/minisms/minisms/internal/db/rate_entries.go:126.48,128.4 1 0
github.com/minisms/minisms/internal/db/rate_entries.go:129.3,129.13 1 0
github.com/minisms/minisms/internal/db/rate_entries.go:131.2,131.28 1 0
github.com/minisms/minisms/internal/db/rate_entries.go:131.28,133.3 1 0
github.com/minisms/minisms/internal/db/rate_entries.go:134.2,134.12 1 0
github.com/minisms/minisms/internal/db/rate_entries.go:137.102,139.16 2 0
github.com/minisms/minisms/internal/db/rate_entries.go:139.16,141.3 1 0
github.com/minisms/minisms/internal/db/rate_entries.go:142.2,142.35 1 0
github.com/minisms/minisms/internal/db/rate_entries.go:145.103,149.2 3 0
github.com/minisms/minisms/internal/db/rate_entries.go:151.37,152.14 1 0
github.com/minisms/minisms/internal/db/rate_entries.go:152.14,154.3 1 0
github.com/minisms/minisms/internal/db/rate_entries.go:155.2,155.31 1 0
github.com/minisms/minisms/internal/db/rate_groups.go:41.90,51.16 2 0
github.com/minisms/minisms/internal/db/rate_groups.go:51.16,53.3 1 0
github.com/minisms/minisms/internal/db/rate_groups.go:54.2,56.18 3 0
github.com/minisms/minisms/internal/db/rate_groups.go:56.18,58.117 2 0
github.com/minisms/minisms/internal/db/rate_groups.go:58.117,60.4 1 0
github.com/minisms/minisms/internal/db/rate_groups.go:61.3,61.23 1 0
github.com/minisms/minisms/internal/db/rate_groups.go:63.2,63.35 1 0
github.com/minisms/minisms/internal/db/rate_groups.go:63.35,65.3 1 0
github.com/minisms/minisms/internal/db/rate_groups.go:66.2,66.21 1 0
github.com/minisms/minisms/internal/db/rate_groups.go:66.21,68.15 2 0
github.com/minisms/minisms/internal/db/rate_groups.go:68.15,70.4 1 0
github.com/minisms/minisms/internal/db/rate_groups.go:71.3,71.25 1 0
github.com/minisms/minisms/internal/db/rate_groups.go:73.2,73.17 1 0
github.com/minisms/minisms/internal/db/rate_groups.go:76.91,85.16 5 0
github.com/minisms/minisms/internal/db/rate_groups.go:85.16,87.3 1 0
github.com/minisms/minisms/internal/db/rate_groups.go:88.2,89.15 2 0
github.com/minisms/minisms/internal/db/rate_groups.go:89.15,92.3 2 0
github.com/minisms/minisms/internal/db/rate_groups.go:93.2,93.16 1 0
github.com/minisms/minisms/internal/db/rate_groups.go:96.104,104.16 3 0
github.com/minisms/minisms/internal/db/rate_groups.go:104.16,106.3 1 0
github.com/minisms/minisms/internal/db/rate_groups.go:107.2,108.47 2 0
github.com/minisms/minisms/internal/db/rate_groups.go:108.47,110.3 1 0
github.com/minisms/minisms/internal/db/rate_groups.go:111.2,111.16 1 0
github.com/minisms/minisms/internal/db/rate_groups.go:114.105,121.16 2 0
github.com/minisms/minisms/internal/db/rate_groups.go:121.16,123.48 2 0
github.com/minisms/minisms/internal/db/rate_groups.go:123.48,125.4 1 0
github.com/minisms/minisms/internal/db/rate_groups.go:126.3,126.13 1 0
github.com/minisms/minisms/internal/db/rate_groups.go:128.2,128.28 1 0
github.com/minisms/minisms/internal/db/rate_groups.go:128.28,130.3 1 0
github.com/minisms/minisms/internal/db/rate_groups.go:131.2,131.12 1 0
github.com/minisms/minisms/internal/db/rate_groups.go:134.88,136.16 2 0
github.com/minisms/minisms/internal/db/rate_groups.go:136.16,138.3 1 0
github.com/minisms/minisms/internal/db/rate_groups.go:139.2,139.35 1 0
github.com/minisms/minisms/internal/db/rate_groups.go:142.99,146.2 3 0
github.com/minisms/minisms/internal/db/rate_groups.go:148.98,150.2 1 0
github.com/minisms/minisms/internal/db/rate_groups.go:152.95,155.16 3 0
github.com/minisms/minisms/internal/db/rate_groups.go:155.16,157.3 1 0
github.com/minisms/minisms/internal/db/rate_groups.go:158.2,159.47 2 0
github.com/minisms/minisms/internal/db/rate_groups.go:159.47,161.3 1 0
github.com/minisms/minisms/internal/db/rate_groups.go:162.2,162.15 1 0
github.com/minisms/minisms/internal/db/reports.go:66.114,79.16 2 0
github.com/minisms/minisms/internal/db/reports.go:79.16,81.3 1 0
github.com/minisms/minisms/internal/db/reports.go:82.2,84.18 3 0
github.com/minisms/minisms/internal/db/reports.go:84.18,86.185 2 0
github.com/minisms/minisms/internal/db/reports.go:86.185,88.4 1 0
github.com/minisms/minisms/internal/db/reports.go:89.3,89.23 1 0
github.com/minisms/minisms/internal/db/reports.go:91.2,91.24 1 0
github.com/minisms/minisms/internal/db/reports.go:94.116,109.16 2 0
github.com/minisms/minisms/internal/db/reports.go:109.16,111.3 1 0
github.com/minisms/minisms/internal/db/reports.go:112.2,114.18 3 0
github.com/minisms/minisms/internal/db/reports.go:114.18,116.181 2 0
github.com/minisms/minisms/internal/db/reports.go:116.181,118.4 1 0
github.com/minisms/minisms/internal/db/reports.go:119.3,119.23 1 0
github.com/minisms/minisms/internal/db/reports.go:121.2,121.24 1 0
github.com/minisms/minisms/internal/db/reports.go:124.125,136.16 2 0
github.com/minisms/minisms/internal/db/reports.go:136.16,138.3 1 0
github.com/minisms/minisms/internal/db/reports.go:139.2,141.18 3 0
github.com/minisms/minisms/internal/db/reports.go:141.18,143.145 2 0
github.com/minisms/minisms/internal/db/reports.go:143.145,145.4 1 0
github.com/minisms/minisms/internal/db/reports.go:146.3,146.23 1 0
github.com/minisms/minisms/internal/db/reports.go:148.2,148.24 1 0
github.com/minisms/minisms/internal/db/reports.go:151.112,165.16 2 0
github.com/minisms/minisms/internal/db/reports.go:165.16,167.3 1 0
github.com/minisms/minisms/internal/db/reports.go:168.2,170.18 3 0
github.com/minisms/minisms/internal/db/reports.go:170.18,172.169 2 0
github.com/minisms/minisms/internal/db/reports.go:172.169,174.4 1 0
github.com/minisms/minisms/internal/db/reports.go:175.3,175.23 1 0
github.com/minisms/minisms/internal/db/reports.go:177.2,177.24 1 0
github.com/minisms/minisms/internal/db/reports.go:180.124,194.16 2 0
github.com/minisms/minisms/internal/db/reports.go:194.16,196.3 1 0
github.com/minisms/minisms/internal/db/reports.go:197.2,199.18 3 0
github.com/minisms/minisms/internal/db/reports.go:199.18,201.145 2 0
github.com/minisms/minisms/internal/db/reports.go:201.145,203.4 1 0
github.com/minisms/minisms/internal/db/reports.go:204.3,204.23 1 0
github.com/minisms/minisms/internal/db/reports.go:206.2,206.24 1 0
github.com/minisms/minisms/internal/db/routing_groups.go:40.96,50.16 2 0
github.com/minisms/minisms/internal/db/routing_groups.go:50.16,52.3 1 0
github.com/minisms/minisms/internal/db/routing_groups.go:53.2,55.18 3 0
github.com/minisms/minisms/internal/db/routing_groups.go:55.18,57.140 2 0
github.com/minisms/minisms/internal/db/routing_groups.go:57.140,59.4 1 0
github.com/minisms/minisms/internal/db/routing_groups.go:60.3,60.23 1 0
github.com/minisms/minisms/internal/db/routing_groups.go:62.2,62.35 1 0
github.com/minisms/minisms/internal/db/routing_groups.go:62.35,64.3 1 0
github.com/minisms/minisms/internal/db/routing_groups.go:65.2,65.21 1 0
github.com/minisms/minisms/internal/db/routing_groups.go:65.21,67.15 2 0
github.com/minisms/minisms/internal/db/routing_groups.go:67.15,69.4 1 0
github.com/minisms/minisms/internal/db/routing_groups.go:70.3,70.33 1 0
github.com/minisms/minisms/internal/db/routing_groups.go:72.2,72.17 1 0
github.com/minisms/minisms/internal/db/routing_groups.go:75.97,83.16 4 0
github.com/minisms/minisms/internal/db/routing_groups.go:83.16,85.3 1 0
github.com/minisms/minisms/internal/db/routing_groups.go:86.2,86.15 1 0
github.com/minisms/minisms/internal/db/routing_groups.go:86.15,89.3 2 0
github.com/minisms/minisms/internal/db/routing_groups.go:90.2,90.16 1 0
github.com/minisms/minisms/internal/db/routing_groups.go:93.110,101.16 3 0
github.com/minisms/minisms/internal/db/routing_groups.go:101.16,103.3 1 0
github.com/minisms/minisms/internal/db/routing_groups.go:104.2,105.47 2 0
github.com/minisms/minisms/internal/db/routing_groups.go:105.47,107.3 1 0
github.com/minisms/minisms/internal/db/routing_groups.go:108.2,108.16 1 0
github.com/minisms/minisms/internal/db/routing_groups.go:111.111,118.16 2 0
github.com/minisms/minisms/internal/db/routing_groups.go:118.16,120.48 2 0
github.com/minisms/minisms/internal/db/routing_groups.go:120.48,122.4 1 0
github.com/minisms/minisms/internal/db/routing_groups.go:123.3,123.13 1 0
github.com/minisms/minisms/internal/db/routing_groups.go:125.2,125.28 1 0
github.com/minisms/minisms/internal/db/routing_groups.go:125.28,127.3 1 0
github.com/minisms/minisms/internal/db/routing_groups.go:128.2,128.12 1 0
github.com/minisms/minisms/internal/db/routing_groups.go:131.99,140.2 3 0
github.com/minisms/minisms/internal/db/routing_groups.go:142.101,144.2 1 0
github.com/minisms/minisms/internal/db/routing_groups.go:146.98,149.16 3 0
github.com/minisms/minisms/internal/db/routing_groups.go:149.16,151.3 1 0
github.com/minisms/minisms/internal/db/routing_groups.go:152.2,153.47 2 0
github.com/minisms/minisms/internal/db/routing_groups.go:153.47,155.3 1 0
github.com/minisms/minisms/internal/db/routing_groups.go:156.2,156.15 1 0
github.com/minisms/minisms/internal/db/routing_route_entries.go:52.91,57.16 2 0
github.com/minisms/minisms/internal/db/routing_route_entries.go:57.16,59.3 1 0
github.com/minisms/minisms/internal/db/routing_route_entries.go:60.2,62.18 3 0
github.com/minisms/minisms/internal/db/routing_route_entries.go:62.18,64.77 2 0
github.com/minisms/minisms/internal/db/routing_route_entries.go:64.77,66.4 1 0
github.com/minisms/minisms/internal/db/routing_route_entries.go:67.3,67.23 1 0
github.com/minisms/minisms/internal/db/routing_route_entries.go:69.2,69.24 1 0
github.com/minisms/minisms/internal/db/routing_route_entries.go:72.97,76.16 3 0
github.com/minisms/minisms/internal/db/routing_route_entries.go:76.16,78.3 1 0
github.com/minisms/minisms/internal/db/routing_route_entries.go:79.2,79.16 1 0
github.com/minisms/minisms/internal/db/routing_route_entries.go:82.129,84.42 2 0
github.com/minisms/minisms/internal/db/routing_route_entries.go:84.42,89.27 2 0
github.com/minisms/minisms/internal/db/routing_route_entries.go:89.27,91.4 1 0
github.com/minisms/minisms/internal/db/routing_route_entries.go:92.3,92.25 1 0
github.com/minisms/minisms/internal/db/routing_route_entries.go:94.2,95.26 2 0
github.com/minisms/minisms/internal/db/routing_route_entries.go:95.26,97.3 1 0
github.com/minisms/minisms/internal/db/routing_route_entries.go:98.2,98.24 1 0
github.com/minisms/minisms/internal/db/routing_route_entries.go:101.115,111.16 2 0
github.com/minisms/minisms/internal/db/routing_route_entries.go:111.16,113.3 1 0
github.com/minisms/minisms/internal/db/routing_route_entries.go:114.2,116.18 3 0
github.com/minisms/minisms/internal/db/routing_route_entries.go:116.18,123.15 2 0
github.com/minisms/minisms/internal/db/routing_route_entries.go:123.15,125.4 1 0
github.com/minisms/minisms/internal/db/routing_route_entries.go:126.3,126.23 1 0
github.com/minisms/minisms/internal/db/routing_route_entries.go:128.2,128.24 1 0
github.com/minisms/minisms/internal/db/routing_route_entries.go:131.131,146.16 3 0
github.com/minisms/minisms/internal/db/routing_route_entries.go:146.16,148.3 1 0
github.com/minisms/minisms/internal/db/routing_route_entries.go:149.2,149.16 1 0
github.com/minisms/minisms/internal/db/routing_route_entries.go:152.129,161.16 3 0
github.com/minisms/minisms/internal/db/routing_route_entries.go:161.16,163.3 1 0
github.com/minisms/minisms/internal/db/routing_route_entries.go:164.2,165.47 2 0
github.com/minisms/minisms/internal/db/routing_route_entries.go:165.47,167.3 1 0
github.com/minisms/minisms/internal/db/routing_route_entries.go:168.2,168.16 1 0
github.com/minisms/minisms/internal/db/routing_route_entries.go:171.133,178.16 2 0
github.com/minisms/minisms/internal/db/routing_route_entries.go:178.16,180.48 2 0
github.com/minisms/minisms/internal/db/routing_route_entries.go:180.48,182.4 1 0
github.com/minisms/minisms/internal/db/routing_route_entries.go:183.3,183.13 1 0
github.com/minisms/minisms/internal/db/routing_route_entries.go:185.2,185.28 1 0
github.com/minisms/minisms/internal/db/routing_route_entries.go:185.28,187.3 1 0
github.com/minisms/minisms/internal/db/routing_route_entries.go:188.2,188.12 1 0
github.com/minisms/minisms/internal/db/routing_route_entries.go:191.115,193.16 2 0
github.com/minisms/minisms/internal/db/routing_route_entries.go:193.16,195.3 1 0
github.com/minisms/minisms/internal/db/routing_route_entries.go:196.2,196.35 1 0
github.com/minisms/minisms/internal/db/sender_ids.go:25.87,31.16 2 0
github.com/minisms/minisms/internal/db/sender_ids.go:31.16,33.3 1 0
github.com/minisms/minisms/internal/db/sender_ids.go:34.2,36.18 3 0
github.com/minisms/minisms/internal/db/sender_ids.go:36.18,38.132 2 0
github.com/minisms/minisms/internal/db/sender_ids.go:38.132,40.4 1 0
github.com/minisms/minisms/internal/db/sender_ids.go:41.3,41.23 1 0
github.com/minisms/minisms/internal/db/sender_ids.go:43.2,43.24 1 0
github.com/minisms/minisms/internal/db/sender_ids.go:46.84,53.16 2 0
github.com/minisms/minisms/internal/db/sender_ids.go:53.16,55.3 1 0
github.com/minisms/minisms/internal/db/sender_ids.go:56.2,58.18 3 0
github.com/minisms/minisms/internal/db/sender_ids.go:58.18,60.165 2 0
github.com/minisms/minisms/internal/db/sender_ids.go:60.165,62.4 1 0
github.com/minisms/minisms/internal/db/sender_ids.go:63.3,63.23 1 0
github.com/minisms/minisms/internal/db/sender_ids.go:65.2,65.24 1 0
github.com/minisms/minisms/internal/db/sender_ids.go:68.99,75.16 3 0
github.com/minisms/minisms/internal/db/sender_ids.go:75.16,77.3 1 0
github.com/minisms/minisms/internal/db/sender_ids.go:78.2,78.16 1 0
github.com/minisms/minisms/internal/db/sender_ids.go:81.94,89.16 3 0
github.com/minisms/minisms/internal/db/sender_ids.go:89.16,91.3 1 0
github.com/minisms/minisms/internal/db/sender_ids.go:92.2,92.16 1 0
github.com/minisms/minisms/internal/db/sender_ids.go:95.81,102.2 2 0
github.com/minisms/minisms/internal/db/sender_ids.go:104.95,106.136 2 0
github.com/minisms/minisms/internal/db/sender_ids.go:106.136,108.3 1 0
github.com/minisms/minisms/internal/db/sender_ids.go:109.2,109.14 1 0
github.com/minisms/minisms/internal/db/sender_ids.go:109.14,115.42 2 0
github.com/minisms/minisms/internal/db/sender_ids.go:115.42,117.4 1 0
github.com/minisms/minisms/internal/db/sender_ids.go:118.3,118.15 1 0
github.com/minisms/minisms/internal/db/sender_ids.go:118.15,120.4 1 0
github.com/minisms/minisms/internal/db/sender_ids.go:122.2,123.12 2 0
github.com/minisms/minisms/internal/db/sms_logs.go:47.78,68.2 3 0
github.com/minisms/minisms/internal/db/sms_logs.go:70.200,72.19 2 0
github.com/minisms/minisms/internal/db/sms_logs.go:72.19,74.3 1 0
github.com/minisms/minisms/internal/db/sms_logs.go:75.2,91.12 2 0
github.com/minisms/minisms/internal/db/sms_logs.go:94.116,104.2 2 0
github.com/minisms/minisms/internal/db/sms_logs.go:106.96,120.16 3 0
github.com/minisms/minisms/internal/db/sms_logs.go:120.16,122.3 1 0
github.com/minisms/minisms/internal/db/sms_logs.go:123.2,123.16 1 0
